Started by user Nguyen Thanh Sang
Running as SYSTEM
Building in workspace C:\ProgramData\Jenkins\.jenkins\workspace\eCommerce
[WS-CLEANUP] Deleting project workspace...
[WS-CLEANUP] Deferred wipeout is used...
[WS-CLEANUP] Done
The recommended git tool is: NONE
using credential PAT_Jenkins
using credential PAT_Jenkins
Cloning the remote Git repository
Cloning repository https://github.com/ntSang18/eCommerce.git
 > git.exe init C:\ProgramData\Jenkins\.jenkins\workspace\eCommerce # timeout=10
Fetching upstream changes from https://github.com/ntSang18/eCommerce.git
 > git.exe --version # timeout=10
 > git --version # 'git version 2.33.1.windows.1'
using GIT_ASKPASS to set credentials PAT_Jenkins
 > git.exe fetch --tags --force --progress -- https://github.com/ntSang18/eCommerce.git +refs/heads/*:refs/remotes/origin/* # timeout=10
 > git.exe config remote.origin.url https://github.com/ntSang18/eCommerce.git # timeout=10
 > git.exe config --add remote.origin.fetch +refs/heads/*:refs/remotes/origin/* # timeout=10
Avoid second fetch
 > git.exe config remote.origin1.url https://github.com/ntSang18/eCommerce.git # timeout=10
Fetching upstream changes from https://github.com/ntSang18/eCommerce.git
using GIT_ASKPASS to set credentials PAT_Jenkins
 > git.exe fetch --tags --force --progress -- https://github.com/ntSang18/eCommerce.git +refs/heads/*:refs/remotes/origin1/* # timeout=10
Seen branch in repository origin/master
Seen branch in repository origin1/master
Seen 2 remote branches
 > git.exe show-ref --tags -d # timeout=10
Checking out Revision 4d731ad0c6092d3f4697a0ab1de65974e408591f (origin1/master, origin/master)
 > git.exe config core.sparsecheckout # timeout=10
 > git.exe checkout -f 4d731ad0c6092d3f4697a0ab1de65974e408591f # timeout=10
Commit message: "update"
 > git.exe rev-list --no-walk 0c945e7176ae6fb7064b96dc02dcbdb3ea9e7093 # timeout=10
 > git.exe rev-list --no-walk 0c945e7176ae6fb7064b96dc02dcbdb3ea9e7093 # timeout=10
[eCommerce] $ cmd.exe /C '""C:\Program Files\apache-maven-3.9.9\bin\mvn.cmd"' -f pom.xml package && exit %%ERRORLEVEL%%"
[INFO] Scanning for projects...
[INFO] 
[INFO] ----------------------< com.example:auth-course >-----------------------
[INFO] Building auth-course 0.0.1-SNAPSHOT
[INFO]   from pom.xml
[INFO] --------------------------------[ war ]---------------------------------
[INFO] 
[INFO] --- resources:3.1.0:resources (default-resources) @ auth-course ---
[INFO] Using 'UTF-8' encoding to copy filtered resources.
[INFO] Copying 1 resource
[INFO] Copying 2 resources
[INFO] 
[INFO] --- compiler:3.8.1:compile (default-compile) @ auth-course ---
[INFO] Changes detected - recompiling the module!
[INFO] Compiling 20 source files to C:\ProgramData\Jenkins\.jenkins\workspace\eCommerce\target\classes
[INFO] 
[INFO] --- resources:3.1.0:testResources (default-testResources) @ auth-course ---
[INFO] Using 'UTF-8' encoding to copy filtered resources.
[INFO] skip non existing resourceDirectory C:\ProgramData\Jenkins\.jenkins\workspace\eCommerce\src\test\resources
[INFO] 
[INFO] --- compiler:3.8.1:testCompile (default-testCompile) @ auth-course ---
[INFO] Changes detected - recompiling the module!
[INFO] Compiling 3 source files to C:\ProgramData\Jenkins\.jenkins\workspace\eCommerce\target\test-classes
[INFO] 
[INFO] --- surefire:2.22.2:test (default-test) @ auth-course ---
[INFO] 
[INFO] -------------------------------------------------------
[INFO]  T E S T S
[INFO] -------------------------------------------------------
[INFO] Running com.example.demo.controllers.OrderControllerTest
SLF4J: Class path contains multiple SLF4J bindings.
SLF4J: Found binding in [jar:file:/C:/WINDOWS/system32/config/systemprofile/.m2/repository/ch/qos/logback/logback-classic/1.2.3/logback-classic-1.2.3.jar!/org/slf4j/impl/StaticLoggerBinder.class]
SLF4J: Found binding in [jar:file:/C:/WINDOWS/system32/config/systemprofile/.m2/repository/org/slf4j/slf4j-log4j12/1.7.25/slf4j-log4j12-1.7.25.jar!/org/slf4j/impl/StaticLoggerBinder.class]
SLF4J: See http://www.slf4j.org/codes.html#multiple_bindings for an explanation.
SLF4J: Actual binding is of type [ch.qos.logback.classic.util.ContextSelectorStaticBinder]
00:40:39.585 [main] DEBUG org.springframework.test.context.junit4.SpringJUnit4ClassRunner - SpringJUnit4ClassRunner constructor called with [class com.example.demo.controllers.OrderControllerTest]
00:40:39.604 [main] DEBUG org.springframework.test.context.BootstrapUtils - Instantiating CacheAwareContextLoaderDelegate from class [org.springframework.test.context.cache.DefaultCacheAwareContextLoaderDelegate]
00:40:39.653 [main] DEBUG org.springframework.test.context.BootstrapUtils - Instantiating BootstrapContext using constructor [public org.springframework.test.context.support.DefaultBootstrapContext(java.lang.Class,org.springframework.test.context.CacheAwareContextLoaderDelegate)]
00:40:39.773 [main] DEBUG org.springframework.test.context.BootstrapUtils - Instantiating TestContextBootstrapper for test class [com.example.demo.controllers.OrderControllerTest] from class [org.springframework.boot.test.context.SpringBootTestContextBootstrapper]
00:40:39.841 [main] INFO org.springframework.boot.test.context.SpringBootTestContextBootstrapper - Neither @ContextConfiguration nor @ContextHierarchy found for test class [com.example.demo.controllers.OrderControllerTest], using SpringBootContextLoader
00:40:39.854 [main] DEBUG org.springframework.test.context.support.AbstractContextLoader - Did not detect default resource location for test class [com.example.demo.controllers.OrderControllerTest]: class path resource [com/example/demo/controllers/OrderControllerTest-context.xml] does not exist
00:40:39.855 [main] DEBUG org.springframework.test.context.support.AbstractContextLoader - Did not detect default resource location for test class [com.example.demo.controllers.OrderControllerTest]: class path resource [com/example/demo/controllers/OrderControllerTestContext.groovy] does not exist
00:40:39.856 [main] INFO org.springframework.test.context.support.AbstractContextLoader - Could not detect default resource locations for test class [com.example.demo.controllers.OrderControllerTest]: no resource found for suffixes {-context.xml, Context.groovy}.
00:40:39.859 [main] INFO org.springframework.test.context.support.AnnotationConfigContextLoaderUtils - Could not detect default configuration classes for test class [com.example.demo.controllers.OrderControllerTest]: OrderControllerTest does not declare any static, non-private, non-final, nested classes annotated with @Configuration.
00:40:40.108 [main] DEBUG org.springframework.test.context.support.ActiveProfilesUtils - Could not find an 'annotation declaring class' for annotation type [org.springframework.test.context.ActiveProfiles] and class [com.example.demo.controllers.OrderControllerTest]
00:40:40.509 [main] DEBUG org.springframework.context.annotation.ClassPathScanningCandidateComponentProvider - Identified candidate component class: file [C:\ProgramData\Jenkins\.jenkins\workspace\eCommerce\target\classes\com\example\demo\SareetaApplication.class]
00:40:40.545 [main] INFO org.springframework.boot.test.context.SpringBootTestContextBootstrapper - Found @SpringBootConfiguration com.example.demo.SareetaApplication for test class com.example.demo.controllers.OrderControllerTest
00:40:40.952 [main] DEBUG org.springframework.boot.test.context.SpringBootTestContextBootstrapper - @TestExecutionListeners is not present for class [com.example.demo.controllers.OrderControllerTest]: using defaults.
00:40:40.956 [main] INFO org.springframework.boot.test.context.SpringBootTestContextBootstrapper - Loaded default TestExecutionListener class names from location [META-INF/spring.factories]: [org.springframework.boot.test.mock.mockito.MockitoTestExecutionListener, org.springframework.boot.test.mock.mockito.ResetMocksTestExecutionListener, org.springframework.boot.test.autoconfigure.restdocs.RestDocsTestExecutionListener, org.springframework.boot.test.autoconfigure.web.client.MockRestServiceServerResetTestExecutionListener, org.springframework.boot.test.autoconfigure.web.servlet.MockMvcPrintOnlyOnFailureTestExecutionListener, org.springframework.boot.test.autoconfigure.web.servlet.WebDriverTestExecutionListener, org.springframework.test.context.web.ServletTestExecutionListener, org.springframework.test.context.support.DirtiesContextBeforeModesTestExecutionListener, org.springframework.test.context.support.DependencyInjectionTestExecutionListener, org.springframework.test.context.support.DirtiesContextTestExecutionListener, org.springframework.test.context.transaction.TransactionalTestExecutionListener, org.springframework.test.context.jdbc.SqlScriptsTestExecutionListener, org.springframework.security.test.context.support.WithSecurityContextTestExecutionListener, org.springframework.security.test.context.support.ReactorContextTestExecutionListener]
00:40:41.110 [main] INFO org.springframework.boot.test.context.SpringBootTestContextBootstrapper - Using TestExecutionListeners: [org.springframework.test.context.web.ServletTestExecutionListener@2f953efd, org.springframework.test.context.support.DirtiesContextBeforeModesTestExecutionListener@f68f0dc, org.springframework.boot.test.mock.mockito.MockitoTestExecutionListener@d2de489, org.springframework.boot.test.autoconfigure.SpringBootDependencyInjectionTestExecutionListener@14bdbc74, org.springframework.test.context.support.DirtiesContextTestExecutionListener@12591ac8, org.springframework.test.context.transaction.TransactionalTestExecutionListener@5a7fe64f, org.springframework.test.context.jdbc.SqlScriptsTestExecutionListener@38145825, org.springframework.security.test.context.support.WithSecurityContextTestExecutionListener@41330d4f, org.springframework.security.test.context.support.ReactorContextTestExecutionListener@1b66c0fb, org.springframework.boot.test.mock.mockito.ResetMocksTestExecutionListener@3e0e1046, org.springframework.boot.test.autoconfigure.restdocs.RestDocsTestExecutionListener@24c1b2d2, org.springframework.boot.test.autoconfigure.web.client.MockRestServiceServerResetTestExecutionListener@7dc19a70, org.springframework.boot.test.autoconfigure.web.servlet.MockMvcPrintOnlyOnFailureTestExecutionListener@508dec2b, org.springframework.boot.test.autoconfigure.web.servlet.WebDriverTestExecutionListener@1e4f4a5c]
00:40:41.119 [main] DEBUG org.springframework.test.annotation.ProfileValueUtils - Retrieved @ProfileValueSourceConfiguration [null] for test class [com.example.demo.controllers.OrderControllerTest]
00:40:41.121 [main] DEBUG org.springframework.test.annotation.ProfileValueUtils - Retrieved ProfileValueSource type [class org.springframework.test.annotation.SystemProfileValueSource] for class [com.example.demo.controllers.OrderControllerTest]
00:40:41.132 [main] DEBUG org.springframework.test.annotation.ProfileValueUtils - Retrieved @ProfileValueSourceConfiguration [null] for test class [com.example.demo.controllers.OrderControllerTest]
00:40:41.133 [main] DEBUG org.springframework.test.annotation.ProfileValueUtils - Retrieved ProfileValueSource type [class org.springframework.test.annotation.SystemProfileValueSource] for class [com.example.demo.controllers.OrderControllerTest]
00:40:41.135 [main] DEBUG org.springframework.test.annotation.ProfileValueUtils - Retrieved @ProfileValueSourceConfiguration [null] for test class [com.example.demo.controllers.OrderControllerTest]
00:40:41.138 [main] DEBUG org.springframework.test.annotation.ProfileValueUtils - Retrieved ProfileValueSource type [class org.springframework.test.annotation.SystemProfileValueSource] for class [com.example.demo.controllers.OrderControllerTest]
00:40:41.188 [main] DEBUG org.springframework.test.context.support.AbstractDirtiesContextTestExecutionListener - Before test class: context [DefaultTestContext@730d2164 testClass = OrderControllerTest, testInstance = [null], testMethod = [null], testException = [null], mergedContextConfiguration = [WebMergedContextConfiguration@24959ca4 testClass = OrderControllerTest, locations = '{}', classes = '{class com.example.demo.SareetaApplication}', contextInitializerClasses = '[]', activeProfiles = '{}', propertySourceLocations = '{}', propertySourceProperties = '{org.springframework.boot.test.context.SpringBootTestContextBootstrapper=true}', contextCustomizers = set[[ImportsContextCustomizer@10289886 key = [org.springframework.boot.test.autoconfigure.web.servlet.MockMvcAutoConfiguration, org.springframework.boot.test.autoconfigure.web.servlet.MockMvcSecurityAutoConfiguration, org.springframework.boot.test.autoconfigure.web.servlet.MockMvcWebClientAutoConfiguration, org.springframework.boot.test.autoconfigure.web.servlet.MockMvcWebDriverAutoConfiguration, org.springframework.boot.test.autoconfigure.json.JsonTestersAutoConfiguration, org.springframework.boot.autoconfigure.gson.GsonAutoConfiguration, org.springframework.boot.autoconfigure.jackson.JacksonAutoConfiguration, org.springframework.boot.autoconfigure.jsonb.JsonbAutoConfiguration]], org.springframework.boot.test.context.filter.ExcludeFilterContextCustomizer@5876a9af, org.springframework.boot.test.json.DuplicateJsonObjectContextCustomizerFactory$DuplicateJsonObjectContextCustomizer@6572421, org.springframework.boot.test.mock.mockito.MockitoContextCustomizer@9b828598, org.springframework.boot.test.web.client.TestRestTemplateContextCustomizer@59662a0b, org.springframework.boot.test.autoconfigure.properties.PropertyMappingContextCustomizer@807f33bd, org.springframework.boot.test.autoconfigure.web.servlet.WebDriverContextCustomizerFactory$Customizer@4c371370], resourceBasePath = 'src/main/webapp', contextLoader = 'org.springframework.boot.test.context.SpringBootContextLoader', parent = [null]], attributes = map['org.springframework.test.context.web.ServletTestExecutionListener.activateListener' -> true]], class annotated with @DirtiesContext [false] with mode [null].
00:40:41.190 [main] DEBUG org.springframework.test.annotation.ProfileValueUtils - Retrieved @ProfileValueSourceConfiguration [null] for test class [com.example.demo.controllers.OrderControllerTest]
00:40:41.190 [main] DEBUG org.springframework.test.annotation.ProfileValueUtils - Retrieved ProfileValueSource type [class org.springframework.test.annotation.SystemProfileValueSource] for class [com.example.demo.controllers.OrderControllerTest]
00:40:41.273 [main] DEBUG org.springframework.test.context.support.TestPropertySourceUtils - Adding inlined properties to environment: {spring.jmx.enabled=false, org.springframework.boot.test.context.SpringBootTestContextBootstrapper=true, server.port=-1}

  .   ____          _            __ _ _
 /\\ / ___'_ __ _ _(_)_ __  __ _ \ \ \ \
( ( )\___ | '_ | '_| | '_ \/ _` | \ \ \ \
 \\/  ___)| |_)| | | | | || (_| |  ) ) ) )
  '  |____| .__|_| |_|_| |_\__, | / / / /
 =========|_|==============|___/=/_/_/_/
 :: Spring Boot ::        (v2.1.5.RELEASE)

2024-11-25 00:40:43.106  INFO 8896 --- [           main] c.e.d.controllers.OrderControllerTest    : Starting OrderControllerTest on DESKTOP-BRVK5JF with PID 8896 (started by DESKTOP-BRVK5JF$ in C:\ProgramData\Jenkins\.jenkins\workspace\eCommerce)
2024-11-25 00:40:43.109  INFO 8896 --- [           main] c.e.d.controllers.OrderControllerTest    : No active profile set, falling back to default profiles: default
2024-11-25 00:40:46.395  INFO 8896 --- [           main] .s.d.r.c.RepositoryConfigurationDelegate : Bootstrapping Spring Data repositories in DEFAULT mode.
2024-11-25 00:40:46.737  INFO 8896 --- [           main] .s.d.r.c.RepositoryConfigurationDelegate : Finished Spring Data repository scanning in 298ms. Found 4 repository interfaces.
2024-11-25 00:40:51.833  INFO 8896 --- [           main] trationDelegate$BeanPostProcessorChecker : Bean 'org.springframework.transaction.annotation.ProxyTransactionManagementConfiguration' of type [org.springframework.transaction.annotation.ProxyTransactionManagementConfiguration$$EnhancerBySpringCGLIB$$bc55ad25] is not eligible for getting processed by all BeanPostProcessors (for example: not eligible for auto-proxying)
2024-11-25 00:40:52.743  INFO 8896 --- [           main] com.zaxxer.hikari.HikariDataSource       : HikariPool-1 - Starting...
2024-11-25 00:40:53.465  INFO 8896 --- [           main] com.zaxxer.hikari.HikariDataSource       : HikariPool-1 - Start completed.
2024-11-25 00:40:53.706  INFO 8896 --- [           main] o.hibernate.jpa.internal.util.LogHelper  : HHH000204: Processing PersistenceUnitInfo [
	name: default
	...]
2024-11-25 00:40:54.125  INFO 8896 --- [           main] org.hibernate.Version                    : HHH000412: Hibernate Core {5.3.10.Final}
2024-11-25 00:40:54.130  INFO 8896 --- [           main] org.hibernate.cfg.Environment            : HHH000206: hibernate.properties not found
2024-11-25 00:40:54.471  INFO 8896 --- [           main] o.hibernate.annotations.common.Version   : HCANN000001: Hibernate Commons Annotations {5.0.4.Final}
2024-11-25 00:40:55.438  INFO 8896 --- [           main] org.hibernate.dialect.Dialect            : HHH000400: Using dialect: org.hibernate.dialect.H2Dialect
2024-11-25 00:40:57.834  INFO 8896 --- [           main] j.LocalContainerEntityManagerFactoryBean : Initialized JPA EntityManagerFactory for persistence unit 'default'
2024-11-25 00:41:02.584  WARN 8896 --- [           main] aWebConfiguration$JpaWebMvcConfiguration : spring.jpa.open-in-view is enabled by default. Therefore, database queries may be performed during view rendering. Explicitly configure spring.jpa.open-in-view to disable this warning
2024-11-25 00:41:03.853  INFO 8896 --- [           main] o.s.s.web.DefaultSecurityFilterChain     : Creating filter chain: any request, [org.springframework.security.web.context.request.async.WebAsyncManagerIntegrationFilter@72a61e61, org.springframework.security.web.context.SecurityContextPersistenceFilter@3e149513, org.springframework.security.web.header.HeaderWriterFilter@27575bcd, org.springframework.web.filter.CorsFilter@282aea3c, org.springframework.security.web.authentication.logout.LogoutFilter@27e3dc9a, com.example.demo.security.JWTAuthenticationFilter@54a5799f, com.example.demo.security.JWTAuthenticationVerficationFilter@162e29a1, org.springframework.security.web.savedrequest.RequestCacheAwareFilter@105fe81e, org.springframework.security.web.servletapi.SecurityContextHolderAwareRequestFilter@749c0669, org.springframework.security.web.authentication.AnonymousAuthenticationFilter@54b96813, org.springframework.security.web.session.SessionManagementFilter@13866865, org.springframework.security.web.access.ExceptionTranslationFilter@1504b493, org.springframework.security.web.access.intercept.FilterSecurityInterceptor@59aba3c3]
2024-11-25 00:41:06.639  INFO 8896 --- [           main] o.s.s.concurrent.ThreadPoolTaskExecutor  : Initializing ExecutorService 'applicationTaskExecutor'
2024-11-25 00:41:08.760  INFO 8896 --- [           main] o.s.b.t.m.w.SpringBootMockServletContext : Initializing Spring TestDispatcherServlet ''
2024-11-25 00:41:08.803  INFO 8896 --- [           main] o.s.t.web.servlet.TestDispatcherServlet  : Initializing Servlet ''
2024-11-25 00:41:08.935  INFO 8896 --- [           main] o.s.t.web.servlet.TestDispatcherServlet  : Completed initialization in 97 ms
2024-11-25 00:41:09.175  INFO 8896 --- [           main] c.e.d.controllers.OrderControllerTest    : Started OrderControllerTest in 27.861 seconds (JVM running for 31.907)
2024-11-25 00:41:09.552  INFO 8896 --- [           main] c.e.demo.controllers.OrderController     : SUBMIT ORDER - SUCCESS for user test
[INFO] Tests run: 2, Failures: 0, Errors: 0, Skipped: 0, Time elapsed: 31.095 s - in com.example.demo.controllers.OrderControllerTest
[INFO] Running com.example.demo.controllers.UserControllerTest
2024-11-25 00:41:09.651  INFO 8896 --- [           main] .b.t.c.SpringBootTestContextBootstrapper : Neither @ContextConfiguration nor @ContextHierarchy found for test class [com.example.demo.controllers.UserControllerTest], using SpringBootContextLoader
2024-11-25 00:41:09.652  INFO 8896 --- [           main] o.s.t.c.support.AbstractContextLoader    : Could not detect default resource locations for test class [com.example.demo.controllers.UserControllerTest]: no resource found for suffixes {-context.xml, Context.groovy}.
2024-11-25 00:41:09.653  INFO 8896 --- [           main] t.c.s.AnnotationConfigContextLoaderUtils : Could not detect default configuration classes for test class [com.example.demo.controllers.UserControllerTest]: UserControllerTest does not declare any static, non-private, non-final, nested classes annotated with @Configuration.
2024-11-25 00:41:09.658  INFO 8896 --- [           main] .b.t.c.SpringBootTestContextBootstrapper : Found @SpringBootConfiguration com.example.demo.SareetaApplication for test class com.example.demo.controllers.UserControllerTest
2024-11-25 00:41:09.661  INFO 8896 --- [           main] .b.t.c.SpringBootTestContextBootstrapper : Loaded default TestExecutionListener class names from location [META-INF/spring.factories]: [org.springframework.boot.test.mock.mockito.MockitoTestExecutionListener, org.springframework.boot.test.mock.mockito.ResetMocksTestExecutionListener, org.springframework.boot.test.autoconfigure.restdocs.RestDocsTestExecutionListener, org.springframework.boot.test.autoconfigure.web.client.MockRestServiceServerResetTestExecutionListener, org.springframework.boot.test.autoconfigure.web.servlet.MockMvcPrintOnlyOnFailureTestExecutionListener, org.springframework.boot.test.autoconfigure.web.servlet.WebDriverTestExecutionListener, org.springframework.test.context.web.ServletTestExecutionListener, org.springframework.test.context.support.DirtiesContextBeforeModesTestExecutionListener, org.springframework.test.context.support.DependencyInjectionTestExecutionListener, org.springframework.test.context.support.DirtiesContextTestExecutionListener, org.springframework.test.context.transaction.TransactionalTestExecutionListener, org.springframework.test.context.jdbc.SqlScriptsTestExecutionListener, org.springframework.security.test.context.support.WithSecurityContextTestExecutionListener, org.springframework.security.test.context.support.ReactorContextTestExecutionListener]
2024-11-25 00:41:09.666  INFO 8896 --- [           main] .b.t.c.SpringBootTestContextBootstrapper : Using TestExecutionListeners: [org.springframework.test.context.web.ServletTestExecutionListener@4425b6ed, org.springframework.test.context.support.DirtiesContextBeforeModesTestExecutionListener@702432cc, org.springframework.boot.test.mock.mockito.MockitoTestExecutionListener@5039c2cf, org.springframework.boot.test.autoconfigure.SpringBootDependencyInjectionTestExecutionListener@355b4c34, org.springframework.test.context.support.DirtiesContextTestExecutionListener@5ca006ac, org.springframework.test.context.transaction.TransactionalTestExecutionListener@dc3eda6, org.springframework.test.context.jdbc.SqlScriptsTestExecutionListener@1372696b, org.springframework.security.test.context.support.WithSecurityContextTestExecutionListener@7ca7bddd, org.springframework.security.test.context.support.ReactorContextTestExecutionListener@206e5183, org.springframework.boot.test.mock.mockito.ResetMocksTestExecutionListener@325236f5, org.springframework.boot.test.autoconfigure.restdocs.RestDocsTestExecutionListener@32eb38e5, org.springframework.boot.test.autoconfigure.web.client.MockRestServiceServerResetTestExecutionListener@73633230, org.springframework.boot.test.autoconfigure.web.servlet.MockMvcPrintOnlyOnFailureTestExecutionListener@21539796, org.springframework.boot.test.autoconfigure.web.servlet.WebDriverTestExecutionListener@215f8d7]

  .   ____          _            __ _ _
 /\\ / ___'_ __ _ _(_)_ __  __ _ \ \ \ \
( ( )\___ | '_ | '_| | '_ \/ _` | \ \ \ \
 \\/  ___)| |_)| | | | | || (_| |  ) ) ) )
  '  |____| .__|_| |_|_| |_\__, | / / / /
 =========|_|==============|___/=/_/_/_/
 :: Spring Boot ::        (v2.1.5.RELEASE)

2024-11-25 00:41:09.901  INFO 8896 --- [           main] c.e.demo.controllers.UserControllerTest  : Starting UserControllerTest on DESKTOP-BRVK5JF with PID 8896 (started by DESKTOP-BRVK5JF$ in C:\ProgramData\Jenkins\.jenkins\workspace\eCommerce)
2024-11-25 00:41:09.906  INFO 8896 --- [           main] c.e.demo.controllers.UserControllerTest  : No active profile set, falling back to default profiles: default
2024-11-25 00:41:11.805  INFO 8896 --- [           main] .s.d.r.c.RepositoryConfigurationDelegate : Bootstrapping Spring Data repositories in DEFAULT mode.
2024-11-25 00:41:12.107  INFO 8896 --- [           main] .s.d.r.c.RepositoryConfigurationDelegate : Finished Spring Data repository scanning in 239ms. Found 4 repository interfaces.
2024-11-25 00:41:12.933  INFO 8896 --- [           main] trationDelegate$BeanPostProcessorChecker : Bean 'org.springframework.transaction.annotation.ProxyTransactionManagementConfiguration' of type [org.springframework.transaction.annotation.ProxyTransactionManagementConfiguration$$EnhancerBySpringCGLIB$$bc55ad25] is not eligible for getting processed by all BeanPostProcessors (for example: not eligible for auto-proxying)
2024-11-25 00:41:13.438  INFO 8896 --- [           main] com.zaxxer.hikari.HikariDataSource       : HikariPool-2 - Starting...
2024-11-25 00:41:13.534  INFO 8896 --- [           main] com.zaxxer.hikari.HikariDataSource       : HikariPool-2 - Start completed.
2024-11-25 00:41:13.888  INFO 8896 --- [           main] o.hibernate.jpa.internal.util.LogHelper  : HHH000204: Processing PersistenceUnitInfo [
	name: default
	...]
2024-11-25 00:41:13.906  INFO 8896 --- [           main] org.hibernate.dialect.Dialect            : HHH000400: Using dialect: org.hibernate.dialect.H2Dialect
2024-11-25 00:41:14.815  INFO 8896 --- [           main] j.LocalContainerEntityManagerFactoryBean : Initialized JPA EntityManagerFactory for persistence unit 'default'
2024-11-25 00:41:16.387  WARN 8896 --- [           main] aWebConfiguration$JpaWebMvcConfiguration : spring.jpa.open-in-view is enabled by default. Therefore, database queries may be performed during view rendering. Explicitly configure spring.jpa.open-in-view to disable this warning
2024-11-25 00:41:16.833  INFO 8896 --- [           main] o.s.s.web.DefaultSecurityFilterChain     : Creating filter chain: any request, [org.springframework.security.web.context.request.async.WebAsyncManagerIntegrationFilter@3ca564aa, org.springframework.security.web.context.SecurityContextPersistenceFilter@85fd4b, org.springframework.security.web.header.HeaderWriterFilter@68423388, org.springframework.web.filter.CorsFilter@3cd758be, org.springframework.security.web.authentication.logout.LogoutFilter@29f86630, com.example.demo.security.JWTAuthenticationFilter@562ec518, com.example.demo.security.JWTAuthenticationVerficationFilter@5c8d685e, org.springframework.security.web.savedrequest.RequestCacheAwareFilter@6715a6da, org.springframework.security.web.servletapi.SecurityContextHolderAwareRequestFilter@1eb207c3, org.springframework.security.web.authentication.AnonymousAuthenticationFilter@4b1ad751, org.springframework.security.web.session.SessionManagementFilter@1104cf3a, org.springframework.security.web.access.ExceptionTranslationFilter@51d6c42d, org.springframework.security.web.access.intercept.FilterSecurityInterceptor@4199761d]
2024-11-25 00:41:17.994  INFO 8896 --- [           main] o.s.s.concurrent.ThreadPoolTaskExecutor  : Initializing ExecutorService 'applicationTaskExecutor'
2024-11-25 00:41:19.347  INFO 8896 --- [           main] o.s.b.t.m.w.SpringBootMockServletContext : Initializing Spring TestDispatcherServlet ''
2024-11-25 00:41:19.406  INFO 8896 --- [           main] o.s.t.web.servlet.TestDispatcherServlet  : Initializing Servlet ''
2024-11-25 00:41:19.433  INFO 8896 --- [           main] o.s.t.web.servlet.TestDispatcherServlet  : Completed initialization in 26 ms
2024-11-25 00:41:19.526  INFO 8896 --- [           main] c.e.demo.controllers.UserControllerTest  : Started UserControllerTest in 9.856 seconds (JVM running for 42.258)
2024-11-25 00:41:19.616  INFO 8896 --- [           main] c.e.demo.controllers.UserController      : CREATE USER - SUCCESS for user : test
[INFO] Tests run: 3, Failures: 0, Errors: 0, Skipped: 0, Time elapsed: 9.778 s - in com.example.demo.controllers.UserControllerTest
[INFO] Running com.example.demo.SareetaApplicationTests
2024-11-25 00:41:19.633  INFO 8896 --- [           main] .b.t.c.SpringBootTestContextBootstrapper : Neither @ContextConfiguration nor @ContextHierarchy found for test class [com.example.demo.SareetaApplicationTests], using SpringBootContextLoader
2024-11-25 00:41:19.635  INFO 8896 --- [           main] o.s.t.c.support.AbstractContextLoader    : Could not detect default resource locations for test class [com.example.demo.SareetaApplicationTests]: no resource found for suffixes {-context.xml, Context.groovy}.
2024-11-25 00:41:19.638  INFO 8896 --- [           main] t.c.s.AnnotationConfigContextLoaderUtils : Could not detect default configuration classes for test class [com.example.demo.SareetaApplicationTests]: SareetaApplicationTests does not declare any static, non-private, non-final, nested classes annotated with @Configuration.
2024-11-25 00:41:19.705  INFO 8896 --- [           main] .b.t.c.SpringBootTestContextBootstrapper : Found @SpringBootConfiguration com.example.demo.SareetaApplication for test class com.example.demo.SareetaApplicationTests
2024-11-25 00:41:19.708  INFO 8896 --- [           main] .b.t.c.SpringBootTestContextBootstrapper : Loaded default TestExecutionListener class names from location [META-INF/spring.factories]: [org.springframework.boot.test.mock.mockito.MockitoTestExecutionListener, org.springframework.boot.test.mock.mockito.ResetMocksTestExecutionListener, org.springframework.boot.test.autoconfigure.restdocs.RestDocsTestExecutionListener, org.springframework.boot.test.autoconfigure.web.client.MockRestServiceServerResetTestExecutionListener, org.springframework.boot.test.autoconfigure.web.servlet.MockMvcPrintOnlyOnFailureTestExecutionListener, org.springframework.boot.test.autoconfigure.web.servlet.WebDriverTestExecutionListener, org.springframework.test.context.web.ServletTestExecutionListener, org.springframework.test.context.support.DirtiesContextBeforeModesTestExecutionListener, org.springframework.test.context.support.DependencyInjectionTestExecutionListener, org.springframework.test.context.support.DirtiesContextTestExecutionListener, org.springframework.test.context.transaction.TransactionalTestExecutionListener, org.springframework.test.context.jdbc.SqlScriptsTestExecutionListener, org.springframework.security.test.context.support.WithSecurityContextTestExecutionListener, org.springframework.security.test.context.support.ReactorContextTestExecutionListener]
2024-11-25 00:41:19.710  INFO 8896 --- [           main] .b.t.c.SpringBootTestContextBootstrapper : Using TestExecutionListeners: [org.springframework.test.context.web.ServletTestExecutionListener@6abca7a6, org.springframework.test.context.support.DirtiesContextBeforeModesTestExecutionListener@12bb8943, org.springframework.boot.test.mock.mockito.MockitoTestExecutionListener@45f4c27c, org.springframework.boot.test.autoconfigure.SpringBootDependencyInjectionTestExecutionListener@64710a6, org.springframework.test.context.support.DirtiesContextTestExecutionListener@949165f, org.springframework.test.context.transaction.TransactionalTestExecutionListener@47f677a4, org.springframework.test.context.jdbc.SqlScriptsTestExecutionListener@2472ba04, org.springframework.security.test.context.support.WithSecurityContextTestExecutionListener@1a0e5c0c, org.springframework.security.test.context.support.ReactorContextTestExecutionListener@5bb45afc, org.springframework.boot.test.mock.mockito.ResetMocksTestExecutionListener@2f0b5d79, org.springframework.boot.test.autoconfigure.restdocs.RestDocsTestExecutionListener@1e186006, org.springframework.boot.test.autoconfigure.web.client.MockRestServiceServerResetTestExecutionListener@761ea1f5, org.springframework.boot.test.autoconfigure.web.servlet.MockMvcPrintOnlyOnFailureTestExecutionListener@f047670, org.springframework.boot.test.autoconfigure.web.servlet.WebDriverTestExecutionListener@7a91027c]

  .   ____          _            __ _ _
 /\\ / ___'_ __ _ _(_)_ __  __ _ \ \ \ \
( ( )\___ | '_ | '_| | '_ \/ _` | \ \ \ \
 \\/  ___)| |_)| | | | | || (_| |  ) ) ) )
  '  |____| .__|_| |_|_| |_\__, | / / / /
 =========|_|==============|___/=/_/_/_/
 :: Spring Boot ::        (v2.1.5.RELEASE)

2024-11-25 00:41:19.822  INFO 8896 --- [           main] c.example.demo.SareetaApplicationTests   : Starting SareetaApplicationTests on DESKTOP-BRVK5JF with PID 8896 (started by DESKTOP-BRVK5JF$ in C:\ProgramData\Jenkins\.jenkins\workspace\eCommerce)
2024-11-25 00:41:19.884  INFO 8896 --- [           main] c.example.demo.SareetaApplicationTests   : No active profile set, falling back to default profiles: default
2024-11-25 00:41:20.992  INFO 8896 --- [           main] .s.d.r.c.RepositoryConfigurationDelegate : Bootstrapping Spring Data repositories in DEFAULT mode.
2024-11-25 00:41:21.186  INFO 8896 --- [           main] .s.d.r.c.RepositoryConfigurationDelegate : Finished Spring Data repository scanning in 168ms. Found 4 repository interfaces.
2024-11-25 00:41:21.768  INFO 8896 --- [           main] trationDelegate$BeanPostProcessorChecker : Bean 'org.springframework.transaction.annotation.ProxyTransactionManagementConfiguration' of type [org.springframework.transaction.annotation.ProxyTransactionManagementConfiguration$$EnhancerBySpringCGLIB$$bc55ad25] is not eligible for getting processed by all BeanPostProcessors (for example: not eligible for auto-proxying)
2024-11-25 00:41:22.111  INFO 8896 --- [           main] com.zaxxer.hikari.HikariDataSource       : HikariPool-3 - Starting...
2024-11-25 00:41:22.140  INFO 8896 --- [           main] com.zaxxer.hikari.HikariDataSource       : HikariPool-3 - Start completed.
2024-11-25 00:41:22.221  INFO 8896 --- [           main] o.hibernate.jpa.internal.util.LogHelper  : HHH000204: Processing PersistenceUnitInfo [
	name: default
	...]
2024-11-25 00:41:22.300  INFO 8896 --- [           main] org.hibernate.dialect.Dialect            : HHH000400: Using dialect: org.hibernate.dialect.H2Dialect
2024-11-25 00:41:22.825  INFO 8896 --- [           main] j.LocalContainerEntityManagerFactoryBean : Initialized JPA EntityManagerFactory for persistence unit 'default'
2024-11-25 00:41:23.864  WARN 8896 --- [           main] aWebConfiguration$JpaWebMvcConfiguration : spring.jpa.open-in-view is enabled by default. Therefore, database queries may be performed during view rendering. Explicitly configure spring.jpa.open-in-view to disable this warning
2024-11-25 00:41:24.100  INFO 8896 --- [           main] o.s.s.web.DefaultSecurityFilterChain     : Creating filter chain: any request, [org.springframework.security.web.context.request.async.WebAsyncManagerIntegrationFilter@5b9c74a, org.springframework.security.web.context.SecurityContextPersistenceFilter@665c79a2, org.springframework.security.web.header.HeaderWriterFilter@27f6e2c3, org.springframework.web.filter.CorsFilter@5b395ee, org.springframework.security.web.authentication.logout.LogoutFilter@5d1d05ff, com.example.demo.security.JWTAuthenticationFilter@24facb47, com.example.demo.security.JWTAuthenticationVerficationFilter@6020cd42, org.springframework.security.web.savedrequest.RequestCacheAwareFilter@3e79473d, org.springframework.security.web.servletapi.SecurityContextHolderAwareRequestFilter@2e895acb, org.springframework.security.web.authentication.AnonymousAuthenticationFilter@2b68c59b, org.springframework.security.web.session.SessionManagementFilter@3c89fdd8, org.springframework.security.web.access.ExceptionTranslationFilter@54c1878b, org.springframework.security.web.access.intercept.FilterSecurityInterceptor@157a2c86]
2024-11-25 00:41:24.685  INFO 8896 --- [           main] o.s.s.concurrent.ThreadPoolTaskExecutor  : Initializing ExecutorService 'applicationTaskExecutor'
2024-11-25 00:41:25.325  INFO 8896 --- [           main] c.example.demo.SareetaApplicationTests   : Started SareetaApplicationTests in 5.607 seconds (JVM running for 48.057)
[INFO] Tests run: 1, Failures: 0, Errors: 0, Skipped: 0, Time elapsed: 5.638 s - in com.example.demo.SareetaApplicationTests
2024-11-25 00:41:25.443  INFO 8896 --- [       Thread-3] o.s.s.concurrent.ThreadPoolTaskExecutor  : Shutting down ExecutorService 'applicationTaskExecutor'
2024-11-25 00:41:25.451  INFO 8896 --- [       Thread-6] o.s.s.concurrent.ThreadPoolTaskExecutor  : Shutting down ExecutorService 'applicationTaskExecutor'
2024-11-25 00:41:25.454  INFO 8896 --- [       Thread-3] j.LocalContainerEntityManagerFactoryBean : Closing JPA EntityManagerFactory for persistence unit 'default'
2024-11-25 00:41:25.455  INFO 8896 --- [       Thread-6] j.LocalContainerEntityManagerFactoryBean : Closing JPA EntityManagerFactory for persistence unit 'default'
2024-11-25 00:41:25.459  INFO 8896 --- [       Thread-3] com.zaxxer.hikari.HikariDataSource       : HikariPool-1 - Shutdown initiated...
2024-11-25 00:41:25.459  INFO 8896 --- [       Thread-6] com.zaxxer.hikari.HikariDataSource       : HikariPool-2 - Shutdown initiated...
2024-11-25 00:41:25.508  INFO 8896 --- [       Thread-8] o.s.s.concurrent.ThreadPoolTaskExecutor  : Shutting down ExecutorService 'applicationTaskExecutor'
2024-11-25 00:41:25.523  INFO 8896 --- [       Thread-8] j.LocalContainerEntityManagerFactoryBean : Closing JPA EntityManagerFactory for persistence unit 'default'
2024-11-25 00:41:25.525  INFO 8896 --- [       Thread-8] com.zaxxer.hikari.HikariDataSource       : HikariPool-3 - Shutdown initiated...
2024-11-25 00:41:25.536  INFO 8896 --- [       Thread-3] com.zaxxer.hikari.HikariDataSource       : HikariPool-1 - Shutdown completed.
2024-11-25 00:41:25.550  INFO 8896 --- [       Thread-6] com.zaxxer.hikari.HikariDataSource       : HikariPool-2 - Shutdown completed.
2024-11-25 00:41:25.563  INFO 8896 --- [       Thread-8] com.zaxxer.hikari.HikariDataSource       : HikariPool-3 - Shutdown completed.
[INFO] 
[INFO] Results:
[INFO] 
[INFO] Tests run: 6, Failures: 0, Errors: 0, Skipped: 0
[INFO] 
[INFO] 
[INFO] --- war:3.2.2:war (default-war) @ auth-course ---
Downloading from central: https://repo.maven.apache.org/maven2/org/apache/maven/maven-archiver/3.2.0/maven-archiver-3.2.0.pom
Progress (1): 1.4/4.3 kBProgress (1): 2.8/4.3 kBProgress (1): 4.1/4.3 kBProgress (1): 4.3 kB                        Downloaded from central: https://repo.maven.apache.org/maven2/org/apache/maven/maven-archiver/3.2.0/maven-archiver-3.2.0.pom (4.3 kB at 4.0 kB/s)
Downloading from central: https://repo.maven.apache.org/maven2/org/apache/maven/shared/maven-shared-utils/3.2.0/maven-shared-utils-3.2.0.pom
Progress (1): 1.4/4.9 kBProgress (1): 2.8/4.9 kBProgress (1): 4.1/4.9 kBProgress (1): 4.9 kB                        Downloaded from central: https://repo.maven.apache.org/maven2/org/apache/maven/shared/maven-shared-utils/3.2.0/maven-shared-utils-3.2.0.pom (4.9 kB at 29 kB/s)
Downloading from central: https://repo.maven.apache.org/maven2/org/codehaus/plexus/plexus-archiver/3.5/plexus-archiver-3.5.pom
Progress (1): 1.4/4.8 kBProgress (1): 2.8/4.8 kBProgress (1): 4.1/4.8 kBProgress (1): 4.8 kB                        Downloaded from central: https://repo.maven.apache.org/maven2/org/codehaus/plexus/plexus-archiver/3.5/plexus-archiver-3.5.pom (4.8 kB at 43 kB/s)
Downloading from central: https://repo.maven.apache.org/maven2/org/codehaus/plexus/plexus/5.0/plexus-5.0.pom
Progress (1): 1.4/21 kBProgress (1): 2.8/21 kBProgress (1): 4.1/21 kBProgress (1): 5.5/21 kBProgress (1): 6.9/21 kBProgress (1): 8.3/21 kBProgress (1): 9.7/21 kBProgress (1): 11/21 kB Progress (1): 12/21 kBProgress (1): 14/21 kBProgress (1): 15/21 kBProgress (1): 17/21 kBProgress (1): 18/21 kBProgress (1): 19/21 kBProgress (1): 21/21 kBProgress (1): 21 kB                      Downloaded from central: https://repo.maven.apache.org/maven2/org/codehaus/plexus/plexus/5.0/plexus-5.0.pom (21 kB at 95 kB/s)
Downloading from central: https://repo.maven.apache.org/maven2/org/codehaus/plexus/plexus-io/3.0.0/plexus-io-3.0.0.pom
Progress (1): 1.4/4.5 kBProgress (1): 2.8/4.5 kBProgress (1): 4.1/4.5 kBProgress (1): 4.5 kB                        Downloaded from central: https://repo.maven.apache.org/maven2/org/codehaus/plexus/plexus-io/3.0.0/plexus-io-3.0.0.pom (4.5 kB at 47 kB/s)
Downloading from central: https://repo.maven.apache.org/maven2/org/apache/commons/commons-compress/1.14/commons-compress-1.14.pom
Progress (1): 1.4/13 kBProgress (1): 2.8/13 kBProgress (1): 4.1/13 kBProgress (1): 5.5/13 kBProgress (1): 6.9/13 kBProgress (1): 8.3/13 kBProgress (1): 9.7/13 kBProgress (1): 11/13 kB Progress (1): 12/13 kBProgress (1): 13 kB                      Downloaded from central: https://repo.maven.apache.org/maven2/org/apache/commons/commons-compress/1.14/commons-compress-1.14.pom (13 kB at 103 kB/s)
Downloading from central: https://repo.maven.apache.org/maven2/org/iq80/snappy/snappy/0.4/snappy-0.4.pom
Progress (1): 15 kB                   Downloaded from central: https://repo.maven.apache.org/maven2/org/iq80/snappy/snappy/0.4/snappy-0.4.pom (15 kB at 94 kB/s)
Downloading from central: https://repo.maven.apache.org/maven2/org/tukaani/xz/1.6/xz-1.6.pom
Progress (1): 1.9 kB                    Downloaded from central: https://repo.maven.apache.org/maven2/org/tukaani/xz/1.6/xz-1.6.pom (1.9 kB at 16 kB/s)
Downloading from central: https://repo.maven.apache.org/maven2/org/codehaus/plexus/plexus-archiver/3.6.0/plexus-archiver-3.6.0.pom
Progress (1): 4.8 kB                    Downloaded from central: https://repo.maven.apache.org/maven2/org/codehaus/plexus/plexus-archiver/3.6.0/plexus-archiver-3.6.0.pom (4.8 kB at 39 kB/s)
Downloading from central: https://repo.maven.apache.org/maven2/org/codehaus/plexus/plexus-io/3.0.1/plexus-io-3.0.1.pom
Progress (1): 4.5 kB                    Downloaded from central: https://repo.maven.apache.org/maven2/org/codehaus/plexus/plexus-io/3.0.1/plexus-io-3.0.1.pom (4.5 kB at 22 kB/s)
Downloading from central: https://repo.maven.apache.org/maven2/commons-io/commons-io/2.6/commons-io-2.6.pom
Progress (1): 14 kB                   Downloaded from central: https://repo.maven.apache.org/maven2/commons-io/commons-io/2.6/commons-io-2.6.pom (14 kB at 108 kB/s)
Downloading from central: https://repo.maven.apache.org/maven2/org/apache/commons/commons-compress/1.16.1/commons-compress-1.16.1.pom
Progress (1): 16 kB                   Downloaded from central: https://repo.maven.apache.org/maven2/org/apache/commons/commons-compress/1.16.1/commons-compress-1.16.1.pom (16 kB at 131 kB/s)
Downloading from central: https://repo.maven.apache.org/maven2/org/apache/commons/commons-parent/43/commons-parent-43.pom
Progress (1): 16/70 kBProgress (1): 33/70 kBProgress (1): 49/70 kBProgress (1): 66/70 kBProgress (1): 70 kB                      Downloaded from central: https://repo.maven.apache.org/maven2/org/apache/commons/commons-parent/43/commons-parent-43.pom (70 kB at 371 kB/s)
Downloading from central: https://repo.maven.apache.org/maven2/org/tukaani/xz/1.8/xz-1.8.pom
Progress (1): 1.9 kB                    Downloaded from central: https://repo.maven.apache.org/maven2/org/tukaani/xz/1.8/xz-1.8.pom (1.9 kB at 21 kB/s)
Downloading from central: https://repo.maven.apache.org/maven2/org/codehaus/plexus/plexus-interpolation/1.25/plexus-interpolation-1.25.pom
Progress (1): 2.6 kB                    Downloaded from central: https://repo.maven.apache.org/maven2/org/codehaus/plexus/plexus-interpolation/1.25/plexus-interpolation-1.25.pom (2.6 kB at 30 kB/s)
Downloading from central: https://repo.maven.apache.org/maven2/org/codehaus/plexus/plexus/5.1/plexus-5.1.pom
Progress (1): 16/23 kBProgress (1): 23 kB                      Downloaded from central: https://repo.maven.apache.org/maven2/org/codehaus/plexus/plexus/5.1/plexus-5.1.pom (23 kB at 199 kB/s)
Downloading from central: https://repo.maven.apache.org/maven2/com/thoughtworks/xstream/xstream/1.4.10/xstream-1.4.10.pom
Progress (1): 15 kB                   Downloaded from central: https://repo.maven.apache.org/maven2/com/thoughtworks/xstream/xstream/1.4.10/xstream-1.4.10.pom (15 kB at 73 kB/s)
Downloading from central: https://repo.maven.apache.org/maven2/com/thoughtworks/xstream/xstream-parent/1.4.10/xstream-parent-1.4.10.pom
Progress (1): 16/35 kBProgress (1): 33/35 kBProgress (1): 35 kB                      Downloaded from central: https://repo.maven.apache.org/maven2/com/thoughtworks/xstream/xstream-parent/1.4.10/xstream-parent-1.4.10.pom (35 kB at 111 kB/s)
Downloading from central: https://repo.maven.apache.org/maven2/xmlpull/xmlpull/1.1.3.1/xmlpull-1.1.3.1.pom
Progress (1): 386 B                   Downloaded from central: https://repo.maven.apache.org/maven2/xmlpull/xmlpull/1.1.3.1/xmlpull-1.1.3.1.pom (386 B at 4.3 kB/s)
Downloading from central: https://repo.maven.apache.org/maven2/xpp3/xpp3_min/1.1.4c/xpp3_min-1.1.4c.pom
Progress (1): 1.6 kB                    Downloaded from central: https://repo.maven.apache.org/maven2/xpp3/xpp3_min/1.1.4c/xpp3_min-1.1.4c.pom (1.6 kB at 18 kB/s)
Downloading from central: https://repo.maven.apache.org/maven2/org/apache/maven/shared/maven-mapping/3.0.0/maven-mapping-3.0.0.pom
Progress (1): 4.1 kB                    Downloaded from central: https://repo.maven.apache.org/maven2/org/apache/maven/shared/maven-mapping/3.0.0/maven-mapping-3.0.0.pom (4.1 kB at 42 kB/s)
Downloading from central: https://repo.maven.apache.org/maven2/org/apache/maven/shared/maven-shared-components/22/maven-shared-components-22.pom
Progress (1): 5.1 kB                    Downloaded from central: https://repo.maven.apache.org/maven2/org/apache/maven/shared/maven-shared-components/22/maven-shared-components-22.pom (5.1 kB at 55 kB/s)
Downloading from central: https://repo.maven.apache.org/maven2/org/apache/maven/maven-parent/27/maven-parent-27.pom
Progress (1): 16/41 kBProgress (1): 33/41 kBProgress (1): 41 kB                      Downloaded from central: https://repo.maven.apache.org/maven2/org/apache/maven/maven-parent/27/maven-parent-27.pom (41 kB at 311 kB/s)
Downloading from central: https://repo.maven.apache.org/maven2/org/apache/apache/17/apache-17.pom
Progress (1): 16 kB                   Downloaded from central: https://repo.maven.apache.org/maven2/org/apache/apache/17/apache-17.pom (16 kB at 138 kB/s)
Downloading from central: https://repo.maven.apache.org/maven2/org/codehaus/plexus/plexus-interpolation/1.21/plexus-interpolation-1.21.pom
Progress (1): 1.5 kB                    Downloaded from central: https://repo.maven.apache.org/maven2/org/codehaus/plexus/plexus-interpolation/1.21/plexus-interpolation-1.21.pom (1.5 kB at 17 kB/s)
Downloading from central: https://repo.maven.apache.org/maven2/org/apache/maven/maven-archiver/3.2.0/maven-archiver-3.2.0.jar
Progress (1): 16/24 kBProgress (1): 24 kB                      Downloaded from central: https://repo.maven.apache.org/maven2/org/apache/maven/maven-archiver/3.2.0/maven-archiver-3.2.0.jar (24 kB at 30 kB/s)
Downloading from central: https://repo.maven.apache.org/maven2/org/apache/maven/shared/maven-shared-utils/3.2.0/maven-shared-utils-3.2.0.jar
Downloading from central: https://repo.maven.apache.org/maven2/org/codehaus/plexus/plexus-archiver/3.6.0/plexus-archiver-3.6.0.jar
Downloading from central: https://repo.maven.apache.org/maven2/org/codehaus/plexus/plexus-io/3.0.1/plexus-io-3.0.1.jar
Downloading from central: https://repo.maven.apache.org/maven2/org/apache/commons/commons-compress/1.16.1/commons-compress-1.16.1.jar
Downloading from central: https://repo.maven.apache.org/maven2/org/iq80/snappy/snappy/0.4/snappy-0.4.jar
Progress (1): 16/165 kBProgress (1): 33/165 kBProgress (1): 49/165 kBProgress (1): 66/165 kBProgress (1): 82/165 kBProgress (1): 98/165 kBProgress (1): 115/165 kBProgress (1): 131/165 kBProgress (1): 147/165 kBProgress (1): 164/165 kBProgress (1): 165 kB    Progress (2): 165 kB | 1.4/191 kBProgress (2): 165 kB | 2.8/191 kBProgress (2): 165 kB | 4.1/191 kBProgress (2): 165 kB | 5.5/191 kBProgress (2): 165 kB | 6.9/191 kBProgress (2): 165 kB | 8.3/191 kBProgress (2): 165 kB | 9.7/191 kBProgress (2): 165 kB | 11/191 kB Progress (2): 165 kB | 12/191 kBProgress (2): 165 kB | 14/191 kBProgress (2): 165 kB | 15/191 kBProgress (2): 165 kB | 17/191 kBProgress (2): 165 kB | 18/191 kBProgress (2): 165 kB | 19/191 kBProgress (2): 165 kB | 21/191 kBProgress (2): 165 kB | 22/191 kBProgress (2): 165 kB | 23/191 kBProgress (2): 165 kB | 25/191 kBProgress (2): 165 kB | 26/191 kBProgress (2): 165 kB | 28/191 kBProgress (2): 165 kB | 29/191 kBProgress (2): 165 kB | 30/191 kBProgress (2): 165 kB | 32/191 kBProgress (2): 165 kB | 33/191 kBProgress (2): 165 kB | 34/191 kBProgress (2): 165 kB | 36/191 kBProgress (2): 165 kB | 37/191 kBProgress (2): 165 kB | 39/191 kBProgress (3): 165 kB | 39/191 kB | 1.4/74 kBProgress (3): 165 kB | 39/191 kB | 2.8/74 kBProgress (3): 165 kB | 39/191 kB | 4.1/74 kBProgress (3): 165 kB | 39/191 kB | 5.5/74 kBProgress (3): 165 kB | 39/191 kB | 6.9/74 kBProgress (3): 165 kB | 39/191 kB | 8.3/74 kBProgress (3): 165 kB | 39/191 kB | 9.7/74 kBProgress (3): 165 kB | 39/191 kB | 11/74 kB Progress (3): 165 kB | 39/191 kB | 12/74 kBProgress (3): 165 kB | 39/191 kB | 14/74 kBProgress (3): 165 kB | 39/191 kB | 15/74 kBProgress (3): 165 kB | 39/191 kB | 17/74 kBProgress (4): 165 kB | 39/191 kB | 17/74 kB | 1.4/58 kBProgress (4): 165 kB | 39/191 kB | 18/74 kB | 1.4/58 kBProgress (4): 165 kB | 39/191 kB | 18/74 kB | 2.8/58 kBProgress (4): 165 kB | 39/191 kB | 19/74 kB | 2.8/58 kBProgress (4): 165 kB | 39/191 kB | 21/74 kB | 2.8/58 kBProgress (4): 165 kB | 39/191 kB | 21/74 kB | 4.1/58 kBProgress (4): 165 kB | 39/191 kB | 21/74 kB | 5.5/58 kBProgress (4): 165 kB | 39/191 kB | 21/74 kB | 6.9/58 kBProgress (4): 165 kB | 39/191 kB | 21/74 kB | 8.3/58 kBProgress (5): 165 kB | 39/191 kB | 21/74 kB | 8.3/58 kB | 1.4/560 kBProgress (5): 165 kB | 39/191 kB | 21/74 kB | 8.3/58 kB | 2.8/560 kBProgress (5): 165 kB | 39/191 kB | 21/74 kB | 9.7/58 kB | 2.8/560 kBProgress (5): 165 kB | 39/191 kB | 21/74 kB | 9.7/58 kB | 4.1/560 kBProgress (5): 165 kB | 39/191 kB | 21/74 kB | 11/58 kB | 4.1/560 kB Progress (5): 165 kB | 39/191 kB | 21/74 kB | 11/58 kB | 5.5/560 kBProgress (5): 165 kB | 39/191 kB | 21/74 kB | 12/58 kB | 5.5/560 kBProgress (5): 165 kB | 39/191 kB | 21/74 kB | 12/58 kB | 6.9/560 kBProgress (5): 165 kB | 39/191 kB | 21/74 kB | 14/58 kB | 6.9/560 kBProgress (5): 165 kB | 39/191 kB | 21/74 kB | 14/58 kB | 8.3/560 kBProgress (5): 165 kB | 39/191 kB | 21/74 kB | 15/58 kB | 8.3/560 kBProgress (5): 165 kB | 39/191 kB | 21/74 kB | 15/58 kB | 9.7/560 kBProgress (5): 165 kB | 39/191 kB | 21/74 kB | 15/58 kB | 11/560 kB Progress (5): 165 kB | 39/191 kB | 21/74 kB | 17/58 kB | 11/560 kBProgress (5): 165 kB | 39/191 kB | 21/74 kB | 17/58 kB | 12/560 kBProgress (5): 165 kB | 39/191 kB | 21/74 kB | 18/58 kB | 12/560 kBProgress (5): 165 kB | 39/191 kB | 21/74 kB | 18/58 kB | 14/560 kBProgress (5): 165 kB | 39/191 kB | 21/74 kB | 18/58 kB | 15/560 kBProgress (5): 165 kB | 39/191 kB | 22/74 kB | 18/58 kB | 15/560 kBProgress (5): 165 kB | 40/191 kB | 22/74 kB | 18/58 kB | 15/560 kBProgress (5): 165 kB | 40/191 kB | 23/74 kB | 18/58 kB | 15/560 kBProgress (5): 165 kB | 40/191 kB | 25/74 kB | 18/58 kB | 15/560 kBProgress (5): 165 kB | 41/191 kB | 25/74 kB | 18/58 kB | 15/560 kBProgress (5): 165 kB | 41/191 kB | 26/74 kB | 18/58 kB | 15/560 kBProgress (5): 165 kB | 43/191 kB | 26/74 kB | 18/58 kB | 15/560 kBProgress (5): 165 kB | 43/191 kB | 28/74 kB | 18/58 kB | 15/560 kBProgress (5): 165 kB | 44/191 kB | 28/74 kB | 18/58 kB | 15/560 kBProgress (5): 165 kB | 44/191 kB | 29/74 kB | 18/58 kB | 15/560 kBProgress (5): 165 kB | 44/191 kB | 29/74 kB | 18/58 kB | 17/560 kBProgress (5): 165 kB | 44/191 kB | 29/74 kB | 18/58 kB | 18/560 kBProgress (5): 165 kB | 44/191 kB | 29/74 kB | 18/58 kB | 19/560 kBProgress (5): 165 kB | 44/191 kB | 29/74 kB | 18/58 kB | 21/560 kBProgress (5): 165 kB | 44/191 kB | 30/74 kB | 18/58 kB | 21/560 kBProgress (5): 165 kB | 44/191 kB | 32/74 kB | 18/58 kB | 21/560 kBProgress (5): 165 kB | 44/191 kB | 33/74 kB | 18/58 kB | 21/560 kBProgress (5): 165 kB | 44/191 kB | 34/74 kB | 18/58 kB | 21/560 kBProgress (5): 165 kB | 44/191 kB | 34/74 kB | 19/58 kB | 21/560 kBProgress (5): 165 kB | 44/191 kB | 34/74 kB | 21/58 kB | 21/560 kBProgress (5): 165 kB | 46/191 kB | 34/74 kB | 21/58 kB | 21/560 kBProgress (5): 165 kB | 47/191 kB | 34/74 kB | 21/58 kB | 21/560 kBProgress (5): 165 kB | 48/191 kB | 34/74 kB | 21/58 kB | 21/560 kBProgress (5): 165 kB | 49/191 kB | 34/74 kB | 21/58 kB | 21/560 kBProgress (5): 165 kB | 49/191 kB | 34/74 kB | 21/58 kB | 22/560 kBProgress (5): 165 kB | 49/191 kB | 34/74 kB | 21/58 kB | 23/560 kBProgress (5): 165 kB | 49/191 kB | 34/74 kB | 22/58 kB | 23/560 kBProgress (5): 165 kB | 49/191 kB | 34/74 kB | 23/58 kB | 23/560 kBProgress (5): 165 kB | 49/191 kB | 36/74 kB | 23/58 kB | 23/560 kBProgress (5): 165 kB | 49/191 kB | 37/74 kB | 23/58 kB | 23/560 kBProgress (5): 165 kB | 49/191 kB | 37/74 kB | 25/58 kB | 23/560 kBProgress (5): 165 kB | 49/191 kB | 37/74 kB | 26/58 kB | 23/560 kBProgress (5): 165 kB | 49/191 kB | 37/74 kB | 26/58 kB | 25/560 kBProgress (5): 165 kB | 49/191 kB | 37/74 kB | 26/58 kB | 26/560 kBProgress (5): 165 kB | 66/191 kB | 37/74 kB | 26/58 kB | 26/560 kBProgress (5): 165 kB | 66/191 kB | 39/74 kB | 26/58 kB | 26/560 kBProgress (5): 165 kB | 66/191 kB | 39/74 kB | 26/58 kB | 28/560 kBProgress (5): 165 kB | 66/191 kB | 39/74 kB | 28/58 kB | 28/560 kBProgress (5): 165 kB | 66/191 kB | 39/74 kB | 28/58 kB | 29/560 kBProgress (5): 165 kB | 66/191 kB | 39/74 kB | 28/58 kB | 30/560 kBProgress (5): 165 kB | 66/191 kB | 39/74 kB | 29/58 kB | 30/560 kBProgress (5): 165 kB | 66/191 kB | 39/74 kB | 29/58 kB | 32/560 kBProgress (5): 165 kB | 66/191 kB | 39/74 kB | 30/58 kB | 32/560 kBProgress (5): 165 kB | 66/191 kB | 39/74 kB | 32/58 kB | 32/560 kBProgress (5): 165 kB | 66/191 kB | 39/74 kB | 33/58 kB | 32/560 kBProgress (5): 165 kB | 66/191 kB | 39/74 kB | 34/58 kB | 32/560 kBProgress (5): 165 kB | 82/191 kB | 39/74 kB | 34/58 kB | 32/560 kBProgress (5): 165 kB | 82/191 kB | 39/74 kB | 34/58 kB | 33/560 kBProgress (5): 165 kB | 82/191 kB | 39/74 kB | 34/58 kB | 34/560 kBProgress (5): 165 kB | 82/191 kB | 39/74 kB | 36/58 kB | 34/560 kBProgress (5): 165 kB | 82/191 kB | 39/74 kB | 36/58 kB | 36/560 kBProgress (5): 165 kB | 82/191 kB | 39/74 kB | 37/58 kB | 36/560 kBProgress (5): 165 kB | 82/191 kB | 39/74 kB | 39/58 kB | 36/560 kBProgress (5): 165 kB | 82/191 kB | 39/74 kB | 39/58 kB | 37/560 kBProgress (5): 165 kB | 98/191 kB | 39/74 kB | 39/58 kB | 37/560 kBProgress (5): 165 kB | 98/191 kB | 39/74 kB | 39/58 kB | 39/560 kBProgress (5): 165 kB | 98/191 kB | 40/74 kB | 39/58 kB | 39/560 kBProgress (5): 165 kB | 98/191 kB | 41/74 kB | 39/58 kB | 39/560 kBProgress (5): 165 kB | 98/191 kB | 43/74 kB | 39/58 kB | 39/560 kBProgress (5): 165 kB | 98/191 kB | 44/74 kB | 39/58 kB | 39/560 kBProgress (5): 165 kB | 98/191 kB | 46/74 kB | 39/58 kB | 39/560 kBProgress (5): 165 kB | 98/191 kB | 47/74 kB | 39/58 kB | 39/560 kBProgress (5): 165 kB | 98/191 kB | 48/74 kB | 39/58 kB | 39/560 kBProgress (5): 165 kB | 98/191 kB | 48/74 kB | 40/58 kB | 39/560 kBProgress (5): 165 kB | 98/191 kB | 50/74 kB | 40/58 kB | 39/560 kBProgress (5): 165 kB | 98/191 kB | 51/74 kB | 40/58 kB | 39/560 kBProgress (5): 165 kB | 98/191 kB | 51/74 kB | 41/58 kB | 39/560 kBProgress (5): 165 kB | 98/191 kB | 52/74 kB | 41/58 kB | 39/560 kBProgress (5): 165 kB | 98/191 kB | 52/74 kB | 41/58 kB | 40/560 kBProgress (5): 165 kB | 98/191 kB | 54/74 kB | 41/58 kB | 40/560 kBProgress (5): 165 kB | 98/191 kB | 55/74 kB | 41/58 kB | 40/560 kBProgress (5): 165 kB | 98/191 kB | 57/74 kB | 41/58 kB | 40/560 kBProgress (5): 165 kB | 98/191 kB | 57/74 kB | 43/58 kB | 40/560 kBProgress (5): 165 kB | 98/191 kB | 57/74 kB | 43/58 kB | 41/560 kBProgress (5): 165 kB | 98/191 kB | 58/74 kB | 43/58 kB | 41/560 kBProgress (5): 165 kB | 98/191 kB | 58/74 kB | 44/58 kB | 41/560 kBProgress (5): 165 kB | 98/191 kB | 58/74 kB | 44/58 kB | 43/560 kBProgress (5): 165 kB | 98/191 kB | 59/74 kB | 44/58 kB | 43/560 kBProgress (5): 165 kB | 98/191 kB | 59/74 kB | 46/58 kB | 43/560 kBProgress (5): 165 kB | 98/191 kB | 59/74 kB | 46/58 kB | 44/560 kBProgress (5): 165 kB | 98/191 kB | 61/74 kB | 46/58 kB | 44/560 kBProgress (5): 165 kB | 98/191 kB | 61/74 kB | 47/58 kB | 44/560 kBProgress (5): 165 kB | 98/191 kB | 61/74 kB | 47/58 kB | 46/560 kBProgress (5): 165 kB | 98/191 kB | 62/74 kB | 47/58 kB | 46/560 kBProgress (5): 165 kB | 98/191 kB | 62/74 kB | 47/58 kB | 47/560 kBProgress (5): 165 kB | 98/191 kB | 62/74 kB | 48/58 kB | 47/560 kBProgress (5): 165 kB | 98/191 kB | 63/74 kB | 48/58 kB | 47/560 kBProgress (5): 165 kB | 98/191 kB | 63/74 kB | 50/58 kB | 47/560 kBProgress (5): 165 kB | 98/191 kB | 64/74 kB | 50/58 kB | 47/560 kBProgress (5): 165 kB | 98/191 kB | 64/74 kB | 50/58 kB | 48/560 kBProgress (5): 165 kB | 98/191 kB | 64/74 kB | 50/58 kB | 49/560 kBProgress (5): 165 kB | 98/191 kB | 64/74 kB | 51/58 kB | 49/560 kBProgress (5): 165 kB | 98/191 kB | 64/74 kB | 52/58 kB | 49/560 kBProgress (5): 165 kB | 98/191 kB | 64/74 kB | 54/58 kB | 49/560 kBProgress (5): 165 kB | 98/191 kB | 64/74 kB | 55/58 kB | 49/560 kBProgress (5): 165 kB | 98/191 kB | 74 kB | 55/58 kB | 49/560 kB   Progress (5): 165 kB | 98/191 kB | 74 kB | 57/58 kB | 49/560 kBProgress (5): 165 kB | 98/191 kB | 74 kB | 58/58 kB | 49/560 kBProgress (5): 165 kB | 98/191 kB | 74 kB | 58 kB | 49/560 kB   Progress (5): 165 kB | 98/191 kB | 74 kB | 58 kB | 66/560 kBProgress (5): 165 kB | 115/191 kB | 74 kB | 58 kB | 66/560 kBProgress (5): 165 kB | 115/191 kB | 74 kB | 58 kB | 82/560 kBProgress (5): 165 kB | 131/191 kB | 74 kB | 58 kB | 82/560 kBProgress (5): 165 kB | 131/191 kB | 74 kB | 58 kB | 98/560 kBProgress (5): 165 kB | 147/191 kB | 74 kB | 58 kB | 98/560 kBProgress (5): 165 kB | 164/191 kB | 74 kB | 58 kB | 98/560 kBProgress (5): 165 kB | 164/191 kB | 74 kB | 58 kB | 115/560 kBProgress (5): 165 kB | 164/191 kB | 74 kB | 58 kB | 131/560 kBProgress (5): 165 kB | 180/191 kB | 74 kB | 58 kB | 131/560 kBProgress (5): 165 kB | 180/191 kB | 74 kB | 58 kB | 147/560 kBProgress (5): 165 kB | 191 kB | 74 kB | 58 kB | 147/560 kB    Progress (5): 165 kB | 191 kB | 74 kB | 58 kB | 164/560 kBProgress (5): 165 kB | 191 kB | 74 kB | 58 kB | 180/560 kBProgress (5): 165 kB | 191 kB | 74 kB | 58 kB | 197/560 kBProgress (5): 165 kB | 191 kB | 74 kB | 58 kB | 213/560 kBProgress (5): 165 kB | 191 kB | 74 kB | 58 kB | 229/560 kBProgress (5): 165 kB | 191 kB | 74 kB | 58 kB | 246/560 kBProgress (5): 165 kB | 191 kB | 74 kB | 58 kB | 262/560 kBProgress (5): 165 kB | 191 kB | 74 kB | 58 kB | 279/560 kBProgress (5): 165 kB | 191 kB | 74 kB | 58 kB | 295/560 kBProgress (5): 165 kB | 191 kB | 74 kB | 58 kB | 311/560 kBProgress (5): 165 kB | 191 kB | 74 kB | 58 kB | 328/560 kBProgress (5): 165 kB | 191 kB | 74 kB | 58 kB | 344/560 kBProgress (5): 165 kB | 191 kB | 74 kB | 58 kB | 360/560 kBProgress (5): 165 kB | 191 kB | 74 kB | 58 kB | 377/560 kBProgress (5): 165 kB | 191 kB | 74 kB | 58 kB | 393/560 kBProgress (5): 165 kB | 191 kB | 74 kB | 58 kB | 410/560 kBProgress (5): 165 kB | 191 kB | 74 kB | 58 kB | 426/560 kBProgress (5): 165 kB | 191 kB | 74 kB | 58 kB | 442/560 kBProgress (5): 165 kB | 191 kB | 74 kB | 58 kB | 459/560 kBProgress (5): 165 kB | 191 kB | 74 kB | 58 kB | 475/560 kBProgress (5): 165 kB | 191 kB | 74 kB | 58 kB | 492/560 kBProgress (5): 165 kB | 191 kB | 74 kB | 58 kB | 508/560 kBProgress (5): 165 kB | 191 kB | 74 kB | 58 kB | 524/560 kBProgress (5): 165 kB | 191 kB | 74 kB | 58 kB | 541/560 kBProgress (5): 165 kB | 191 kB | 74 kB | 58 kB | 557/560 kBProgress (5): 165 kB | 191 kB | 74 kB | 58 kB | 560 kB                                                          Downloaded from central: https://repo.maven.apache.org/maven2/org/codehaus/plexus/plexus-io/3.0.1/plexus-io-3.0.1.jar (74 kB at 145 kB/s)
Downloading from central: https://repo.maven.apache.org/maven2/org/tukaani/xz/1.8/xz-1.8.jar
Downloaded from central: https://repo.maven.apache.org/maven2/org/iq80/snappy/snappy/0.4/snappy-0.4.jar (58 kB at 106 kB/s)
Downloading from central: https://repo.maven.apache.org/maven2/org/codehaus/plexus/plexus-interpolation/1.25/plexus-interpolation-1.25.jar
Progress (4): 165 kB | 191 kB | 560 kB | 16/109 kBProgress (4): 165 kB | 191 kB | 560 kB | 33/109 kBProgress (4): 165 kB | 191 kB | 560 kB | 49/109 kBProgress (4): 165 kB | 191 kB | 560 kB | 66/109 kBProgress (4): 165 kB | 191 kB | 560 kB | 82/109 kBProgress (4): 165 kB | 191 kB | 560 kB | 98/109 kBProgress (4): 165 kB | 191 kB | 560 kB | 109 kB                                                  Downloaded from central: https://repo.maven.apache.org/maven2/org/tukaani/xz/1.8/xz-1.8.jar (109 kB at 167 kB/s)
Downloading from central: https://repo.maven.apache.org/maven2/com/thoughtworks/xstream/xstream/1.4.10/xstream-1.4.10.jar
Progress (4): 165 kB | 191 kB | 560 kB | 16/85 kBProgress (4): 165 kB | 191 kB | 560 kB | 33/85 kBProgress (4): 165 kB | 191 kB | 560 kB | 49/85 kBProgress (4): 165 kB | 191 kB | 560 kB | 66/85 kB                                                 Downloaded from central: https://repo.maven.apache.org/maven2/org/apache/maven/shared/maven-shared-utils/3.2.0/maven-shared-utils-3.2.0.jar (165 kB at 242 kB/s)
Progress (3): 191 kB | 560 kB | 82/85 kBProgress (3): 191 kB | 560 kB | 85 kB   Progress (4): 191 kB | 560 kB | 85 kB | 16/590 kBProgress (4): 191 kB | 560 kB | 85 kB | 33/590 kB                                                 Downloading from central: https://repo.maven.apache.org/maven2/xmlpull/xmlpull/1.1.3.1/xmlpull-1.1.3.1.jar
Progress (4): 191 kB | 560 kB | 85 kB | 49/590 kBProgress (4): 191 kB | 560 kB | 85 kB | 66/590 kBProgress (4): 191 kB | 560 kB | 85 kB | 82/590 kBProgress (4): 191 kB | 560 kB | 85 kB | 98/590 kBProgress (4): 191 kB | 560 kB | 85 kB | 115/590 kBProgress (4): 191 kB | 560 kB | 85 kB | 131/590 kBProgress (4): 191 kB | 560 kB | 85 kB | 147/590 kBProgress (4): 191 kB | 560 kB | 85 kB | 164/590 kBProgress (4): 191 kB | 560 kB | 85 kB | 180/590 kB                                                  Downloaded from central: https://repo.maven.apache.org/maven2/org/codehaus/plexus/plexus-archiver/3.6.0/plexus-archiver-3.6.0.jar (191 kB at 251 kB/s)
Downloading from central: https://repo.maven.apache.org/maven2/xpp3/xpp3_min/1.1.4c/xpp3_min-1.1.4c.jar
Progress (3): 560 kB | 85 kB | 197/590 kBProgress (3): 560 kB | 85 kB | 213/590 kBProgress (3): 560 kB | 85 kB | 229/590 kBProgress (4): 560 kB | 85 kB | 229/590 kB | 7.2 kBProgress (4): 560 kB | 85 kB | 246/590 kB | 7.2 kBProgress (4): 560 kB | 85 kB | 262/590 kB | 7.2 kBProgress (4): 560 kB | 85 kB | 279/590 kB | 7.2 kBProgress (4): 560 kB | 85 kB | 295/590 kB | 7.2 kBProgress (4): 560 kB | 85 kB | 311/590 kB | 7.2 kBProgress (4): 560 kB | 85 kB | 328/590 kB | 7.2 kBProgress (4): 560 kB | 85 kB | 344/590 kB | 7.2 kBProgress (4): 560 kB | 85 kB | 360/590 kB | 7.2 kBProgress (4): 560 kB | 85 kB | 377/590 kB | 7.2 kBProgress (4): 560 kB | 85 kB | 393/590 kB | 7.2 kBProgress (4): 560 kB | 85 kB | 410/590 kB | 7.2 kBProgress (4): 560 kB | 85 kB | 426/590 kB | 7.2 kBProgress (4): 560 kB | 85 kB | 442/590 kB | 7.2 kBProgress (4): 560 kB | 85 kB | 459/590 kB | 7.2 kBProgress (4): 560 kB | 85 kB | 475/590 kB | 7.2 kBProgress (4): 560 kB | 85 kB | 492/590 kB | 7.2 kBProgress (4): 560 kB | 85 kB | 508/590 kB | 7.2 kBProgress (4): 560 kB | 85 kB | 524/590 kB | 7.2 kBProgress (4): 560 kB | 85 kB | 541/590 kB | 7.2 kBProgress (4): 560 kB | 85 kB | 557/590 kB | 7.2 kBProgress (4): 560 kB | 85 kB | 573/590 kB | 7.2 kBProgress (4): 560 kB | 85 kB | 590 kB | 7.2 kB                                                  Downloaded from central: https://repo.maven.apache.org/maven2/org/apache/commons/commons-compress/1.16.1/commons-compress-1.16.1.jar (560 kB at 607 kB/s)
Downloading from central: https://repo.maven.apache.org/maven2/org/apache/maven/shared/maven-mapping/3.0.0/maven-mapping-3.0.0.jar
Progress (4): 85 kB | 590 kB | 7.2 kB | 16/25 kBProgress (4): 85 kB | 590 kB | 7.2 kB | 25 kB   Progress (5): 85 kB | 590 kB | 7.2 kB | 25 kB | 11 kB                                                     Downloaded from central: https://repo.maven.apache.org/maven2/xpp3/xpp3_min/1.1.4c/xpp3_min-1.1.4c.jar (25 kB at 26 kB/s)
Downloaded from central: https://repo.maven.apache.org/maven2/org/codehaus/plexus/plexus-interpolation/1.25/plexus-interpolation-1.25.jar (85 kB at 87 kB/s)
Downloaded from central: https://repo.maven.apache.org/maven2/xmlpull/xmlpull/1.1.3.1/xmlpull-1.1.3.1.jar (7.2 kB at 6.8 kB/s)
Downloaded from central: https://repo.maven.apache.org/maven2/com/thoughtworks/xstream/xstream/1.4.10/xstream-1.4.10.jar (590 kB at 545 kB/s)
Downloaded from central: https://repo.maven.apache.org/maven2/org/apache/maven/shared/maven-mapping/3.0.0/maven-mapping-3.0.0.jar (11 kB at 8.0 kB/s)
[INFO] Packaging webapp
[INFO] Assembling webapp [auth-course] in [C:\ProgramData\Jenkins\.jenkins\workspace\eCommerce\target\auth-course-0.0.1-SNAPSHOT]
[INFO] Processing war project
[INFO] Webapp assembled in [2966 msecs]
[INFO] Building war: C:\ProgramData\Jenkins\.jenkins\workspace\eCommerce\target\auth-course-0.0.1-SNAPSHOT.war
[INFO] 
[INFO] --- spring-boot:2.1.5.RELEASE:repackage (repackage) @ auth-course ---
Downloading from central: https://repo.maven.apache.org/maven2/org/springframework/boot/spring-boot-loader-tools/2.1.5.RELEASE/spring-boot-loader-tools-2.1.5.RELEASE.pom
Progress (1): 2.7 kB                    Downloaded from central: https://repo.maven.apache.org/maven2/org/springframework/boot/spring-boot-loader-tools/2.1.5.RELEASE/spring-boot-loader-tools-2.1.5.RELEASE.pom (2.7 kB at 7.1 kB/s)
Downloading from central: https://repo.maven.apache.org/maven2/org/apache/commons/commons-compress/1.18/commons-compress-1.18.pom
Progress (1): 16/18 kBProgress (1): 18 kB                      Downloaded from central: https://repo.maven.apache.org/maven2/org/apache/commons/commons-compress/1.18/commons-compress-1.18.pom (18 kB at 44 kB/s)
Downloading from central: https://repo.maven.apache.org/maven2/org/apache/commons/commons-parent/47/commons-parent-47.pom
Progress (1): 16/78 kBProgress (1): 33/78 kBProgress (1): 49/78 kBProgress (1): 66/78 kBProgress (1): 78 kB                      Downloaded from central: https://repo.maven.apache.org/maven2/org/apache/commons/commons-parent/47/commons-parent-47.pom (78 kB at 269 kB/s)
Downloading from central: https://repo.maven.apache.org/maven2/org/codehaus/plexus/plexus-component-annotations/1.5.5/plexus-component-annotations-1.5.5.pom
Progress (1): 815 B                   Downloaded from central: https://repo.maven.apache.org/maven2/org/codehaus/plexus/plexus-component-annotations/1.5.5/plexus-component-annotations-1.5.5.pom (815 B at 8.0 kB/s)
Downloading from central: https://repo.maven.apache.org/maven2/org/codehaus/plexus/plexus-containers/1.5.5/plexus-containers-1.5.5.pom
Progress (1): 4.2 kB                    Downloaded from central: https://repo.maven.apache.org/maven2/org/codehaus/plexus/plexus-containers/1.5.5/plexus-containers-1.5.5.pom (4.2 kB at 46 kB/s)
Downloading from central: https://repo.maven.apache.org/maven2/org/codehaus/plexus/plexus-component-annotations/1.5.4/plexus-component-annotations-1.5.4.pom
Progress (1): 815 B                   Downloaded from central: https://repo.maven.apache.org/maven2/org/codehaus/plexus/plexus-component-annotations/1.5.4/plexus-component-annotations-1.5.4.pom (815 B at 9.2 kB/s)
Downloading from central: https://repo.maven.apache.org/maven2/org/codehaus/plexus/plexus-containers/1.5.4/plexus-containers-1.5.4.pom
Progress (1): 4.2 kB                    Downloaded from central: https://repo.maven.apache.org/maven2/org/codehaus/plexus/plexus-containers/1.5.4/plexus-containers-1.5.4.pom (4.2 kB at 37 kB/s)
Downloading from central: https://repo.maven.apache.org/maven2/org/codehaus/plexus/plexus/2.0.5/plexus-2.0.5.pom
Progress (1): 16/17 kBProgress (1): 17 kB                      Downloaded from central: https://repo.maven.apache.org/maven2/org/codehaus/plexus/plexus/2.0.5/plexus-2.0.5.pom (17 kB at 156 kB/s)
Downloading from central: https://repo.maven.apache.org/maven2/org/apache/maven/maven-artifact/3.3.9/maven-artifact-3.3.9.pom
Progress (1): 2.1 kB                    Downloaded from central: https://repo.maven.apache.org/maven2/org/apache/maven/maven-artifact/3.3.9/maven-artifact-3.3.9.pom (2.1 kB at 22 kB/s)
Downloading from central: https://repo.maven.apache.org/maven2/org/apache/maven/maven/3.3.9/maven-3.3.9.pom
Progress (1): 16/24 kBProgress (1): 24 kB                      Downloaded from central: https://repo.maven.apache.org/maven2/org/apache/maven/maven/3.3.9/maven-3.3.9.pom (24 kB at 149 kB/s)
Downloading from central: https://repo.maven.apache.org/maven2/org/apache/commons/commons-lang3/3.8.1/commons-lang3-3.8.1.pom
Progress (1): 16/28 kBProgress (1): 28 kB                      Downloaded from central: https://repo.maven.apache.org/maven2/org/apache/commons/commons-lang3/3.8.1/commons-lang3-3.8.1.pom (28 kB at 216 kB/s)
Downloading from central: https://repo.maven.apache.org/maven2/org/apache/maven/maven-core/3.3.9/maven-core-3.3.9.pom
Progress (1): 8.3 kB                    Downloaded from central: https://repo.maven.apache.org/maven2/org/apache/maven/maven-core/3.3.9/maven-core-3.3.9.pom (8.3 kB at 41 kB/s)
Downloading from central: https://repo.maven.apache.org/maven2/org/apache/maven/maven-model/3.3.9/maven-model-3.3.9.pom
Progress (1): 4.0 kB                    Downloaded from central: https://repo.maven.apache.org/maven2/org/apache/maven/maven-model/3.3.9/maven-model-3.3.9.pom (4.0 kB at 6.6 kB/s)
Downloading from central: https://repo.maven.apache.org/maven2/org/apache/maven/maven-settings/3.3.9/maven-settings-3.3.9.pom
Progress (1): 1.8 kB                    Downloaded from central: https://repo.maven.apache.org/maven2/org/apache/maven/maven-settings/3.3.9/maven-settings-3.3.9.pom (1.8 kB at 21 kB/s)
Downloading from central: https://repo.maven.apache.org/maven2/org/apache/maven/maven-settings-builder/3.3.9/maven-settings-builder-3.3.9.pom
Progress (1): 2.6 kB                    Downloaded from central: https://repo.maven.apache.org/maven2/org/apache/maven/maven-settings-builder/3.3.9/maven-settings-builder-3.3.9.pom (2.6 kB at 27 kB/s)
Downloading from central: https://repo.maven.apache.org/maven2/org/apache/maven/maven-builder-support/3.3.9/maven-builder-support-3.3.9.pom
Progress (1): 1.7 kB                    Downloaded from central: https://repo.maven.apache.org/maven2/org/apache/maven/maven-builder-support/3.3.9/maven-builder-support-3.3.9.pom (1.7 kB at 16 kB/s)
Downloading from central: https://repo.maven.apache.org/maven2/org/codehaus/plexus/plexus-component-annotations/1.6/plexus-component-annotations-1.6.pom
Progress (1): 748 B                   Downloaded from central: https://repo.maven.apache.org/maven2/org/codehaus/plexus/plexus-component-annotations/1.6/plexus-component-annotations-1.6.pom (748 B at 9.1 kB/s)
Downloading from central: https://repo.maven.apache.org/maven2/org/codehaus/plexus/plexus-containers/1.6/plexus-containers-1.6.pom
Progress (1): 3.8 kB                    Downloaded from central: https://repo.maven.apache.org/maven2/org/codehaus/plexus/plexus-containers/1.6/plexus-containers-1.6.pom (3.8 kB at 36 kB/s)
Downloading from central: https://repo.maven.apache.org/maven2/org/codehaus/plexus/plexus/3.3.2/plexus-3.3.2.pom
Progress (1): 16/22 kBProgress (1): 22 kB                      Downloaded from central: https://repo.maven.apache.org/maven2/org/codehaus/plexus/plexus/3.3.2/plexus-3.3.2.pom (22 kB at 150 kB/s)
Downloading from central: https://repo.maven.apache.org/maven2/org/apache/maven/maven-repository-metadata/3.3.9/maven-repository-metadata-3.3.9.pom
Progress (1): 1.9 kB                    Downloaded from central: https://repo.maven.apache.org/maven2/org/apache/maven/maven-repository-metadata/3.3.9/maven-repository-metadata-3.3.9.pom (1.9 kB at 20 kB/s)
Downloading from central: https://repo.maven.apache.org/maven2/org/apache/maven/maven-plugin-api/3.3.9/maven-plugin-api-3.3.9.pom
Progress (1): 2.7 kB                    Downloaded from central: https://repo.maven.apache.org/maven2/org/apache/maven/maven-plugin-api/3.3.9/maven-plugin-api-3.3.9.pom (2.7 kB at 30 kB/s)
Downloading from central: https://repo.maven.apache.org/maven2/org/eclipse/sisu/org.eclipse.sisu.plexus/0.3.2/org.eclipse.sisu.plexus-0.3.2.pom
Progress (1): 4.2 kB                    Downloaded from central: https://repo.maven.apache.org/maven2/org/eclipse/sisu/org.eclipse.sisu.plexus/0.3.2/org.eclipse.sisu.plexus-0.3.2.pom (4.2 kB at 44 kB/s)
Downloading from central: https://repo.maven.apache.org/maven2/org/eclipse/sisu/sisu-plexus/0.3.2/sisu-plexus-0.3.2.pom
Progress (1): 14 kB                   Downloaded from central: https://repo.maven.apache.org/maven2/org/eclipse/sisu/sisu-plexus/0.3.2/sisu-plexus-0.3.2.pom (14 kB at 99 kB/s)
Downloading from central: https://repo.maven.apache.org/maven2/javax/enterprise/cdi-api/1.0/cdi-api-1.0.pom
Progress (1): 1.4 kB                    Downloaded from central: https://repo.maven.apache.org/maven2/javax/enterprise/cdi-api/1.0/cdi-api-1.0.pom (1.4 kB at 16 kB/s)
Downloading from central: https://repo.maven.apache.org/maven2/org/jboss/weld/weld-api-parent/1.0/weld-api-parent-1.0.pom
Progress (1): 2.4 kB                    Downloaded from central: https://repo.maven.apache.org/maven2/org/jboss/weld/weld-api-parent/1.0/weld-api-parent-1.0.pom (2.4 kB at 23 kB/s)
Downloading from central: https://repo.maven.apache.org/maven2/org/jboss/weld/weld-api-bom/1.0/weld-api-bom-1.0.pom
Progress (1): 7.9 kB                    Downloaded from central: https://repo.maven.apache.org/maven2/org/jboss/weld/weld-api-bom/1.0/weld-api-bom-1.0.pom (7.9 kB at 85 kB/s)
Downloading from central: https://repo.maven.apache.org/maven2/org/jboss/weld/weld-parent/6/weld-parent-6.pom
Progress (1): 16/21 kBProgress (1): 21 kB                      Downloaded from central: https://repo.maven.apache.org/maven2/org/jboss/weld/weld-parent/6/weld-parent-6.pom (21 kB at 167 kB/s)
Downloading from central: https://repo.maven.apache.org/maven2/javax/annotation/jsr250-api/1.0/jsr250-api-1.0.pom
Progress (1): 1.0 kB                    Downloaded from central: https://repo.maven.apache.org/maven2/javax/annotation/jsr250-api/1.0/jsr250-api-1.0.pom (1.0 kB at 12 kB/s)
Downloading from central: https://repo.maven.apache.org/maven2/javax/inject/javax.inject/1/javax.inject-1.pom
Progress (1): 612 B                   Downloaded from central: https://repo.maven.apache.org/maven2/javax/inject/javax.inject/1/javax.inject-1.pom (612 B at 6.5 kB/s)
Downloading from central: https://repo.maven.apache.org/maven2/org/eclipse/sisu/org.eclipse.sisu.inject/0.3.2/org.eclipse.sisu.inject-0.3.2.pom
Progress (1): 2.6 kB                    Downloaded from central: https://repo.maven.apache.org/maven2/org/eclipse/sisu/org.eclipse.sisu.inject/0.3.2/org.eclipse.sisu.inject-0.3.2.pom (2.6 kB at 25 kB/s)
Downloading from central: https://repo.maven.apache.org/maven2/org/eclipse/sisu/sisu-inject/0.3.2/sisu-inject-0.3.2.pom
Progress (1): 14 kB                   Downloaded from central: https://repo.maven.apache.org/maven2/org/eclipse/sisu/sisu-inject/0.3.2/sisu-inject-0.3.2.pom (14 kB at 111 kB/s)
Downloading from central: https://repo.maven.apache.org/maven2/org/codehaus/plexus/plexus-classworlds/2.5.2/plexus-classworlds-2.5.2.pom
Progress (1): 7.3 kB                    Downloaded from central: https://repo.maven.apache.org/maven2/org/codehaus/plexus/plexus-classworlds/2.5.2/plexus-classworlds-2.5.2.pom (7.3 kB at 73 kB/s)
Downloading from central: https://repo.maven.apache.org/maven2/org/codehaus/plexus/plexus-utils/3.0.17/plexus-utils-3.0.17.pom
Progress (1): 3.4 kB                    Downloaded from central: https://repo.maven.apache.org/maven2/org/codehaus/plexus/plexus-utils/3.0.17/plexus-utils-3.0.17.pom (3.4 kB at 36 kB/s)
Downloading from central: https://repo.maven.apache.org/maven2/org/apache/maven/maven-model-builder/3.3.9/maven-model-builder-3.3.9.pom
Progress (1): 3.1 kB                    Downloaded from central: https://repo.maven.apache.org/maven2/org/apache/maven/maven-model-builder/3.3.9/maven-model-builder-3.3.9.pom (3.1 kB at 34 kB/s)
Downloading from central: https://repo.maven.apache.org/maven2/com/google/guava/guava/18.0/guava-18.0.pom
Progress (1): 5.7 kB                    Downloaded from central: https://repo.maven.apache.org/maven2/com/google/guava/guava/18.0/guava-18.0.pom (5.7 kB at 58 kB/s)
Downloading from central: https://repo.maven.apache.org/maven2/com/google/guava/guava-parent/18.0/guava-parent-18.0.pom
Progress (1): 7.7 kB                    Downloaded from central: https://repo.maven.apache.org/maven2/com/google/guava/guava-parent/18.0/guava-parent-18.0.pom (7.7 kB at 81 kB/s)
Downloading from central: https://repo.maven.apache.org/maven2/org/apache/maven/maven-aether-provider/3.3.9/maven-aether-provider-3.3.9.pom
Progress (1): 4.0 kB                    Downloaded from central: https://repo.maven.apache.org/maven2/org/apache/maven/maven-aether-provider/3.3.9/maven-aether-provider-3.3.9.pom (4.0 kB at 44 kB/s)
Downloading from central: https://repo.maven.apache.org/maven2/org/eclipse/aether/aether-api/1.0.2.v20150114/aether-api-1.0.2.v20150114.pom
Progress (1): 1.8 kB                    Downloaded from central: https://repo.maven.apache.org/maven2/org/eclipse/aether/aether-api/1.0.2.v20150114/aether-api-1.0.2.v20150114.pom (1.8 kB at 19 kB/s)
Downloading from central: https://repo.maven.apache.org/maven2/org/eclipse/aether/aether/1.0.2.v20150114/aether-1.0.2.v20150114.pom
Progress (1): 16/29 kBProgress (1): 29 kB                      Downloaded from central: https://repo.maven.apache.org/maven2/org/eclipse/aether/aether/1.0.2.v20150114/aether-1.0.2.v20150114.pom (29 kB at 253 kB/s)
Downloading from central: https://repo.maven.apache.org/maven2/org/eclipse/aether/aether-spi/1.0.2.v20150114/aether-spi-1.0.2.v20150114.pom
Progress (1): 2.0 kB                    Downloaded from central: https://repo.maven.apache.org/maven2/org/eclipse/aether/aether-spi/1.0.2.v20150114/aether-spi-1.0.2.v20150114.pom (2.0 kB at 20 kB/s)
Downloading from central: https://repo.maven.apache.org/maven2/org/eclipse/aether/aether-util/1.0.2.v20150114/aether-util-1.0.2.v20150114.pom
Progress (1): 2.1 kB                    Downloaded from central: https://repo.maven.apache.org/maven2/org/eclipse/aether/aether-util/1.0.2.v20150114/aether-util-1.0.2.v20150114.pom (2.1 kB at 23 kB/s)
Downloading from central: https://repo.maven.apache.org/maven2/org/eclipse/aether/aether-impl/1.0.2.v20150114/aether-impl-1.0.2.v20150114.pom
Progress (1): 3.4 kB                    Downloaded from central: https://repo.maven.apache.org/maven2/org/eclipse/aether/aether-impl/1.0.2.v20150114/aether-impl-1.0.2.v20150114.pom (3.4 kB at 34 kB/s)
Downloading from central: https://repo.maven.apache.org/maven2/com/google/inject/guice/4.0/guice-4.0.pom
Progress (1): 11 kB                   Downloaded from central: https://repo.maven.apache.org/maven2/com/google/inject/guice/4.0/guice-4.0.pom (11 kB at 95 kB/s)
Downloading from central: https://repo.maven.apache.org/maven2/com/google/inject/guice-parent/4.0/guice-parent-4.0.pom
Progress (1): 15 kB                   Downloaded from central: https://repo.maven.apache.org/maven2/com/google/inject/guice-parent/4.0/guice-parent-4.0.pom (15 kB at 126 kB/s)
Downloading from central: https://repo.maven.apache.org/maven2/com/google/google/5/google-5.pom
Progress (1): 2.5 kB                    Downloaded from central: https://repo.maven.apache.org/maven2/com/google/google/5/google-5.pom (2.5 kB at 27 kB/s)
Downloading from central: https://repo.maven.apache.org/maven2/aopalliance/aopalliance/1.0/aopalliance-1.0.pom
Progress (1): 363 B                   Downloaded from central: https://repo.maven.apache.org/maven2/aopalliance/aopalliance/1.0/aopalliance-1.0.pom (363 B at 4.1 kB/s)
Downloading from central: https://repo.maven.apache.org/maven2/com/google/guava/guava/16.0.1/guava-16.0.1.pom
Progress (1): 6.1 kB                    Downloaded from central: https://repo.maven.apache.org/maven2/com/google/guava/guava/16.0.1/guava-16.0.1.pom (6.1 kB at 67 kB/s)
Downloading from central: https://repo.maven.apache.org/maven2/com/google/guava/guava-parent/16.0.1/guava-parent-16.0.1.pom
Progress (1): 7.3 kB                    Downloaded from central: https://repo.maven.apache.org/maven2/com/google/guava/guava-parent/16.0.1/guava-parent-16.0.1.pom (7.3 kB at 79 kB/s)
Downloading from central: https://repo.maven.apache.org/maven2/org/apache/maven/shared/maven-common-artifact-filters/3.0.1/maven-common-artifact-filters-3.0.1.pom
Progress (1): 4.8 kB                    Downloaded from central: https://repo.maven.apache.org/maven2/org/apache/maven/shared/maven-common-artifact-filters/3.0.1/maven-common-artifact-filters-3.0.1.pom (4.8 kB at 46 kB/s)
Downloading from central: https://repo.maven.apache.org/maven2/org/apache/maven/shared/maven-shared-utils/3.1.0/maven-shared-utils-3.1.0.pom
Progress (1): 5.0 kB                    Downloaded from central: https://repo.maven.apache.org/maven2/org/apache/maven/shared/maven-shared-utils/3.1.0/maven-shared-utils-3.1.0.pom (5.0 kB at 57 kB/s)
Downloading from central: https://repo.maven.apache.org/maven2/org/apache/maven/plugins/maven-shade-plugin/3.2.1/maven-shade-plugin-3.2.1.pom
Progress (1): 9.3 kB                    Downloaded from central: https://repo.maven.apache.org/maven2/org/apache/maven/plugins/maven-shade-plugin/3.2.1/maven-shade-plugin-3.2.1.pom (9.3 kB at 79 kB/s)
Downloading from central: https://repo.maven.apache.org/maven2/org/apache/maven/shared/maven-artifact-transfer/0.10.0/maven-artifact-transfer-0.10.0.pom
Progress (1): 12 kB                   Downloaded from central: https://repo.maven.apache.org/maven2/org/apache/maven/shared/maven-artifact-transfer/0.10.0/maven-artifact-transfer-0.10.0.pom (12 kB at 104 kB/s)
Downloading from central: https://repo.maven.apache.org/maven2/org/apache/maven/shared/maven-shared-components/31/maven-shared-components-31.pom
Progress (1): 5.1 kB                    Downloaded from central: https://repo.maven.apache.org/maven2/org/apache/maven/shared/maven-shared-components/31/maven-shared-components-31.pom (5.1 kB at 53 kB/s)
Downloading from central: https://repo.maven.apache.org/maven2/org/ow2/asm/asm/7.0/asm-7.0.pom
Progress (1): 2.9 kB                    Downloaded from central: https://repo.maven.apache.org/maven2/org/ow2/asm/asm/7.0/asm-7.0.pom (2.9 kB at 32 kB/s)
Downloading from central: https://repo.maven.apache.org/maven2/org/ow2/asm/asm-commons/7.0/asm-commons-7.0.pom
Progress (1): 3.7 kB                    Downloaded from central: https://repo.maven.apache.org/maven2/org/ow2/asm/asm-commons/7.0/asm-commons-7.0.pom (3.7 kB at 42 kB/s)
Downloading from central: https://repo.maven.apache.org/maven2/org/ow2/asm/asm-tree/7.0/asm-tree-7.0.pom
Progress (1): 3.1 kB                    Downloaded from central: https://repo.maven.apache.org/maven2/org/ow2/asm/asm-tree/7.0/asm-tree-7.0.pom (3.1 kB at 24 kB/s)
Downloading from central: https://repo.maven.apache.org/maven2/org/ow2/asm/asm-analysis/7.0/asm-analysis-7.0.pom
Progress (1): 3.2 kB                    Downloaded from central: https://repo.maven.apache.org/maven2/org/ow2/asm/asm-analysis/7.0/asm-analysis-7.0.pom (3.2 kB at 33 kB/s)
Downloading from central: https://repo.maven.apache.org/maven2/org/jdom/jdom2/2.0.6/jdom2-2.0.6.pom
Progress (1): 4.6 kB                    Downloaded from central: https://repo.maven.apache.org/maven2/org/jdom/jdom2/2.0.6/jdom2-2.0.6.pom (4.6 kB at 47 kB/s)
Downloading from central: https://repo.maven.apache.org/maven2/org/apache/maven/shared/maven-dependency-tree/3.0.1/maven-dependency-tree-3.0.1.pom
Progress (1): 7.5 kB                    Downloaded from central: https://repo.maven.apache.org/maven2/org/apache/maven/shared/maven-dependency-tree/3.0.1/maven-dependency-tree-3.0.1.pom (7.5 kB at 60 kB/s)
Downloading from central: https://repo.maven.apache.org/maven2/org/eclipse/aether/aether-util/0.9.0.M2/aether-util-0.9.0.M2.pom
Progress (1): 2.0 kB                    Downloaded from central: https://repo.maven.apache.org/maven2/org/eclipse/aether/aether-util/0.9.0.M2/aether-util-0.9.0.M2.pom (2.0 kB at 20 kB/s)
Downloading from central: https://repo.maven.apache.org/maven2/org/eclipse/aether/aether/0.9.0.M2/aether-0.9.0.M2.pom
Progress (1): 16/28 kBProgress (1): 28 kB                      Downloaded from central: https://repo.maven.apache.org/maven2/org/eclipse/aether/aether/0.9.0.M2/aether-0.9.0.M2.pom (28 kB at 230 kB/s)
Downloading from central: https://repo.maven.apache.org/maven2/org/vafer/jdependency/2.1.1/jdependency-2.1.1.pom
Progress (1): 11 kB                   Downloaded from central: https://repo.maven.apache.org/maven2/org/vafer/jdependency/2.1.1/jdependency-2.1.1.pom (11 kB at 100 kB/s)
Downloading from central: https://repo.maven.apache.org/maven2/org/ow2/asm/asm/7.0-beta/asm-7.0-beta.pom
Progress (1): 2.9 kB                    Downloaded from central: https://repo.maven.apache.org/maven2/org/ow2/asm/asm/7.0-beta/asm-7.0-beta.pom (2.9 kB at 32 kB/s)
Downloading from central: https://repo.maven.apache.org/maven2/org/ow2/asm/asm-analysis/7.0-beta/asm-analysis-7.0-beta.pom
Progress (1): 3.2 kB                    Downloaded from central: https://repo.maven.apache.org/maven2/org/ow2/asm/asm-analysis/7.0-beta/asm-analysis-7.0-beta.pom (3.2 kB at 35 kB/s)
Downloading from central: https://repo.maven.apache.org/maven2/org/ow2/asm/asm-tree/7.0-beta/asm-tree-7.0-beta.pom
Progress (1): 3.1 kB                    Downloaded from central: https://repo.maven.apache.org/maven2/org/ow2/asm/asm-tree/7.0-beta/asm-tree-7.0-beta.pom (3.1 kB at 36 kB/s)
Downloading from central: https://repo.maven.apache.org/maven2/org/ow2/asm/asm-commons/7.0-beta/asm-commons-7.0-beta.pom
Progress (1): 3.7 kB                    Downloaded from central: https://repo.maven.apache.org/maven2/org/ow2/asm/asm-commons/7.0-beta/asm-commons-7.0-beta.pom (3.7 kB at 29 kB/s)
Downloading from central: https://repo.maven.apache.org/maven2/org/ow2/asm/asm-util/7.0-beta/asm-util-7.0-beta.pom
Progress (1): 3.7 kB                    Downloaded from central: https://repo.maven.apache.org/maven2/org/ow2/asm/asm-util/7.0-beta/asm-util-7.0-beta.pom (3.7 kB at 41 kB/s)
Downloading from central: https://repo.maven.apache.org/maven2/com/google/guava/guava/19.0/guava-19.0.pom
Progress (1): 6.8 kB                    Downloaded from central: https://repo.maven.apache.org/maven2/com/google/guava/guava/19.0/guava-19.0.pom (6.8 kB at 77 kB/s)
Downloading from central: https://repo.maven.apache.org/maven2/com/google/guava/guava-parent/19.0/guava-parent-19.0.pom
Progress (1): 9.9 kB                    Downloaded from central: https://repo.maven.apache.org/maven2/com/google/guava/guava-parent/19.0/guava-parent-19.0.pom (9.9 kB at 41 kB/s)
Downloading from central: https://repo.maven.apache.org/maven2/org/springframework/boot/spring-boot-loader-tools/2.1.5.RELEASE/spring-boot-loader-tools-2.1.5.RELEASE.jar
Progress (1): 8.9/149 kBProgress (1): 25/149 kB Progress (1): 27/149 kBProgress (1): 43/149 kBProgress (1): 60/149 kBProgress (1): 62/149 kBProgress (1): 78/149 kBProgress (1): 94/149 kBProgress (1): 97/149 kBProgress (1): 114/149 kBProgress (1): 124/149 kBProgress (1): 133/149 kBProgress (1): 149 kB                        Downloaded from central: https://repo.maven.apache.org/maven2/org/springframework/boot/spring-boot-loader-tools/2.1.5.RELEASE/spring-boot-loader-tools-2.1.5.RELEASE.jar (149 kB at 839 kB/s)
Downloading from central: https://repo.maven.apache.org/maven2/org/apache/commons/commons-compress/1.18/commons-compress-1.18.jar
Downloading from central: https://repo.maven.apache.org/maven2/org/codehaus/plexus/plexus-interpolation/1.22/plexus-interpolation-1.22.jar
Downloading from central: https://repo.maven.apache.org/maven2/org/apache/maven/maven-artifact/3.3.9/maven-artifact-3.3.9.jar
Downloading from central: https://repo.maven.apache.org/maven2/org/apache/commons/commons-lang3/3.8.1/commons-lang3-3.8.1.jar
Downloading from central: https://repo.maven.apache.org/maven2/org/apache/maven/maven-core/3.3.9/maven-core-3.3.9.jar
Progress (1): 16/592 kBProgress (1): 33/592 kBProgress (1): 49/592 kBProgress (1): 66/592 kBProgress (2): 66/592 kB | 16/77 kBProgress (2): 82/592 kB | 16/77 kBProgress (2): 98/592 kB | 16/77 kBProgress (2): 115/592 kB | 16/77 kBProgress (2): 115/592 kB | 33/77 kBProgress (2): 131/592 kB | 33/77 kBProgress (2): 147/592 kB | 33/77 kBProgress (2): 147/592 kB | 49/77 kBProgress (2): 164/592 kB | 49/77 kBProgress (2): 180/592 kB | 49/77 kBProgress (2): 197/592 kB | 49/77 kBProgress (2): 197/592 kB | 66/77 kBProgress (2): 213/592 kB | 66/77 kBProgress (2): 213/592 kB | 77 kB   Progress (3): 213/592 kB | 77 kB | 16/55 kBProgress (3): 229/592 kB | 77 kB | 16/55 kBProgress (3): 246/592 kB | 77 kB | 16/55 kBProgress (3): 262/592 kB | 77 kB | 16/55 kBProgress (3): 279/592 kB | 77 kB | 16/55 kBProgress (4): 279/592 kB | 77 kB | 16/55 kB | 16/502 kBProgress (4): 279/592 kB | 77 kB | 32/55 kB | 16/502 kBProgress (4): 295/592 kB | 77 kB | 32/55 kB | 16/502 kBProgress (5): 295/592 kB | 77 kB | 32/55 kB | 16/502 kB | 16/638 kBProgress (5): 311/592 kB | 77 kB | 32/55 kB | 16/502 kB | 16/638 kBProgress (5): 311/592 kB | 77 kB | 32/55 kB | 16/502 kB | 33/638 kBProgress (5): 328/592 kB | 77 kB | 32/55 kB | 16/502 kB | 33/638 kBProgress (5): 328/592 kB | 77 kB | 32/55 kB | 16/502 kB | 49/638 kBProgress (5): 344/592 kB | 77 kB | 32/55 kB | 16/502 kB | 49/638 kBProgress (5): 344/592 kB | 77 kB | 32/55 kB | 33/502 kB | 49/638 kBProgress (5): 344/592 kB | 77 kB | 32/55 kB | 33/502 kB | 62/638 kBProgress (5): 344/592 kB | 77 kB | 32/55 kB | 33/502 kB | 78/638 kBProgress (5): 344/592 kB | 77 kB | 49/55 kB | 33/502 kB | 78/638 kBProgress (5): 344/592 kB | 77 kB | 49/55 kB | 33/502 kB | 95/638 kBProgress (5): 360/592 kB | 77 kB | 49/55 kB | 33/502 kB | 95/638 kB                                                                   Downloaded from central: https://repo.maven.apache.org/maven2/org/codehaus/plexus/plexus-interpolation/1.22/plexus-interpolation-1.22.jar (77 kB at 386 kB/s)
Downloading from central: https://repo.maven.apache.org/maven2/org/apache/maven/maven-settings-builder/3.3.9/maven-settings-builder-3.3.9.jar
Progress (4): 360/592 kB | 55 kB | 33/502 kB | 95/638 kBProgress (4): 377/592 kB | 55 kB | 33/502 kB | 95/638 kBProgress (4): 377/592 kB | 55 kB | 33/502 kB | 111/638 kBProgress (4): 377/592 kB | 55 kB | 49/502 kB | 111/638 kBProgress (4): 393/592 kB | 55 kB | 49/502 kB | 111/638 kBProgress (4): 393/592 kB | 55 kB | 49/502 kB | 128/638 kBProgress (4): 410/592 kB | 55 kB | 49/502 kB | 128/638 kBProgress (4): 410/592 kB | 55 kB | 49/502 kB | 144/638 kBProgress (4): 410/592 kB | 55 kB | 49/502 kB | 160/638 kBProgress (4): 426/592 kB | 55 kB | 49/502 kB | 160/638 kBProgress (4): 426/592 kB | 55 kB | 49/502 kB | 177/638 kBProgress (4): 426/592 kB | 55 kB | 49/502 kB | 193/638 kBProgress (4): 442/592 kB | 55 kB | 49/502 kB | 193/638 kBProgress (4): 442/592 kB | 55 kB | 49/502 kB | 209/638 kBProgress (4): 459/592 kB | 55 kB | 49/502 kB | 209/638 kBProgress (4): 459/592 kB | 55 kB | 49/502 kB | 226/638 kBProgress (4): 475/592 kB | 55 kB | 49/502 kB | 226/638 kBProgress (4): 475/592 kB | 55 kB | 49/502 kB | 242/638 kBProgress (4): 475/592 kB | 55 kB | 49/502 kB | 259/638 kBProgress (4): 492/592 kB | 55 kB | 49/502 kB | 259/638 kBProgress (4): 492/592 kB | 55 kB | 49/502 kB | 275/638 kBProgress (4): 508/592 kB | 55 kB | 49/502 kB | 275/638 kBProgress (4): 524/592 kB | 55 kB | 49/502 kB | 275/638 kBProgress (4): 541/592 kB | 55 kB | 49/502 kB | 275/638 kBProgress (4): 557/592 kB | 55 kB | 49/502 kB | 275/638 kB                                                         Downloaded from central: https://repo.maven.apache.org/maven2/org/apache/maven/maven-artifact/3.3.9/maven-artifact-3.3.9.jar (55 kB at 190 kB/s)
Downloading from central: https://repo.maven.apache.org/maven2/org/apache/maven/maven-builder-support/3.3.9/maven-builder-support-3.3.9.jar
Progress (3): 573/592 kB | 49/502 kB | 275/638 kBProgress (3): 590/592 kB | 49/502 kB | 275/638 kBProgress (3): 592 kB | 49/502 kB | 275/638 kB    Progress (3): 592 kB | 49/502 kB | 291/638 kBProgress (3): 592 kB | 66/502 kB | 291/638 kBProgress (3): 592 kB | 82/502 kB | 291/638 kBProgress (3): 592 kB | 82/502 kB | 308/638 kBProgress (3): 592 kB | 82/502 kB | 324/638 kBProgress (3): 592 kB | 82/502 kB | 341/638 kBProgress (3): 592 kB | 82/502 kB | 357/638 kBProgress (3): 592 kB | 82/502 kB | 373/638 kBProgress (3): 592 kB | 82/502 kB | 390/638 kBProgress (3): 592 kB | 98/502 kB | 390/638 kBProgress (3): 592 kB | 98/502 kB | 406/638 kBProgress (3): 592 kB | 98/502 kB | 422/638 kBProgress (3): 592 kB | 98/502 kB | 439/638 kBProgress (3): 592 kB | 98/502 kB | 455/638 kBProgress (4): 592 kB | 98/502 kB | 455/638 kB | 16/43 kBProgress (4): 592 kB | 115/502 kB | 455/638 kB | 16/43 kBProgress (4): 592 kB | 115/502 kB | 472/638 kB | 16/43 kBProgress (4): 592 kB | 115/502 kB | 472/638 kB | 33/43 kBProgress (4): 592 kB | 115/502 kB | 472/638 kB | 43 kB   Progress (4): 592 kB | 115/502 kB | 488/638 kB | 43 kBProgress (4): 592 kB | 115/502 kB | 504/638 kB | 43 kBProgress (4): 592 kB | 115/502 kB | 521/638 kB | 43 kBProgress (4): 592 kB | 115/502 kB | 537/638 kB | 43 kBProgress (4): 592 kB | 115/502 kB | 553/638 kB | 43 kBProgress (4): 592 kB | 115/502 kB | 570/638 kB | 43 kBProgress (4): 592 kB | 115/502 kB | 586/638 kB | 43 kBProgress (4): 592 kB | 115/502 kB | 603/638 kB | 43 kBProgress (4): 592 kB | 115/502 kB | 619/638 kB | 43 kBProgress (4): 592 kB | 115/502 kB | 635/638 kB | 43 kBProgress (4): 592 kB | 115/502 kB | 638 kB | 43 kB    Progress (4): 592 kB | 131/502 kB | 638 kB | 43 kBProgress (5): 592 kB | 131/502 kB | 638 kB | 43 kB | 15 kBProgress (5): 592 kB | 147/502 kB | 638 kB | 43 kB | 15 kBProgress (5): 592 kB | 164/502 kB | 638 kB | 43 kB | 15 kBProgress (5): 592 kB | 180/502 kB | 638 kB | 43 kB | 15 kBProgress (5): 592 kB | 197/502 kB | 638 kB | 43 kB | 15 kBProgress (5): 592 kB | 213/502 kB | 638 kB | 43 kB | 15 kBProgress (5): 592 kB | 229/502 kB | 638 kB | 43 kB | 15 kBProgress (5): 592 kB | 246/502 kB | 638 kB | 43 kB | 15 kBProgress (5): 592 kB | 256/502 kB | 638 kB | 43 kB | 15 kBProgress (5): 592 kB | 272/502 kB | 638 kB | 43 kB | 15 kBProgress (5): 592 kB | 289/502 kB | 638 kB | 43 kB | 15 kBProgress (5): 592 kB | 305/502 kB | 638 kB | 43 kB | 15 kBProgress (5): 592 kB | 321/502 kB | 638 kB | 43 kB | 15 kBProgress (5): 592 kB | 338/502 kB | 638 kB | 43 kB | 15 kBProgress (5): 592 kB | 354/502 kB | 638 kB | 43 kB | 15 kBProgress (5): 592 kB | 370/502 kB | 638 kB | 43 kB | 15 kBProgress (5): 592 kB | 387/502 kB | 638 kB | 43 kB | 15 kBProgress (5): 592 kB | 403/502 kB | 638 kB | 43 kB | 15 kBProgress (5): 592 kB | 420/502 kB | 638 kB | 43 kB | 15 kBProgress (5): 592 kB | 436/502 kB | 638 kB | 43 kB | 15 kBProgress (5): 592 kB | 452/502 kB | 638 kB | 43 kB | 15 kBProgress (5): 592 kB | 469/502 kB | 638 kB | 43 kB | 15 kBProgress (5): 592 kB | 485/502 kB | 638 kB | 43 kB | 15 kBProgress (5): 592 kB | 502/502 kB | 638 kB | 43 kB | 15 kBProgress (5): 592 kB | 502 kB | 638 kB | 43 kB | 15 kB                                                          Downloaded from central: https://repo.maven.apache.org/maven2/org/apache/maven/maven-core/3.3.9/maven-core-3.3.9.jar (638 kB at 656 kB/s)
Downloading from central: https://repo.maven.apache.org/maven2/org/apache/maven/maven-repository-metadata/3.3.9/maven-repository-metadata-3.3.9.jar
Progress (5): 592 kB | 502 kB | 43 kB | 15 kB | 16/27 kBProgress (5): 592 kB | 502 kB | 43 kB | 15 kB | 27 kB                                                        Downloaded from central: https://repo.maven.apache.org/maven2/org/apache/commons/commons-compress/1.18/commons-compress-1.18.jar (592 kB at 546 kB/s)
Downloading from central: https://repo.maven.apache.org/maven2/org/apache/maven/maven-model-builder/3.3.9/maven-model-builder-3.3.9.jar
Progress (5): 502 kB | 43 kB | 15 kB | 27 kB | 16/177 kBProgress (5): 502 kB | 43 kB | 15 kB | 27 kB | 33/177 kBProgress (5): 502 kB | 43 kB | 15 kB | 27 kB | 49/177 kBProgress (5): 502 kB | 43 kB | 15 kB | 27 kB | 66/177 kBProgress (5): 502 kB | 43 kB | 15 kB | 27 kB | 82/177 kBProgress (5): 502 kB | 43 kB | 15 kB | 27 kB | 98/177 kBProgress (5): 502 kB | 43 kB | 15 kB | 27 kB | 115/177 kBProgress (5): 502 kB | 43 kB | 15 kB | 27 kB | 131/177 kBProgress (5): 502 kB | 43 kB | 15 kB | 27 kB | 147/177 kBProgress (5): 502 kB | 43 kB | 15 kB | 27 kB | 164/177 kBProgress (5): 502 kB | 43 kB | 15 kB | 27 kB | 177 kB                                                         Downloaded from central: https://repo.maven.apache.org/maven2/org/apache/commons/commons-lang3/3.8.1/commons-lang3-3.8.1.jar (502 kB at 413 kB/s)
Downloading from central: https://repo.maven.apache.org/maven2/org/apache/maven/maven-aether-provider/3.3.9/maven-aether-provider-3.3.9.jar
Progress (5): 43 kB | 15 kB | 27 kB | 177 kB | 16/67 kBProgress (5): 43 kB | 15 kB | 27 kB | 177 kB | 33/67 kBProgress (5): 43 kB | 15 kB | 27 kB | 177 kB | 49/67 kBProgress (5): 43 kB | 15 kB | 27 kB | 177 kB | 66/67 kBProgress (5): 43 kB | 15 kB | 27 kB | 177 kB | 67 kB                                                       Downloaded from central: https://repo.maven.apache.org/maven2/org/apache/maven/maven-builder-support/3.3.9/maven-builder-support-3.3.9.jar (15 kB at 11 kB/s)
Downloading from central: https://repo.maven.apache.org/maven2/org/eclipse/aether/aether-spi/1.0.2.v20150114/aether-spi-1.0.2.v20150114.jar
Progress (5): 43 kB | 27 kB | 177 kB | 67 kB | 16/31 kBProgress (5): 43 kB | 27 kB | 177 kB | 67 kB | 31 kB                                                       Downloaded from central: https://repo.maven.apache.org/maven2/org/apache/maven/maven-aether-provider/3.3.9/maven-aether-provider-3.3.9.jar (67 kB at 45 kB/s)
Downloading from central: https://repo.maven.apache.org/maven2/org/eclipse/aether/aether-impl/1.0.2.v20150114/aether-impl-1.0.2.v20150114.jar
Progress (5): 43 kB | 27 kB | 177 kB | 31 kB | 16/173 kBProgress (5): 43 kB | 27 kB | 177 kB | 31 kB | 33/173 kBProgress (5): 43 kB | 27 kB | 177 kB | 31 kB | 49/173 kBProgress (5): 43 kB | 27 kB | 177 kB | 31 kB | 66/173 kB                                                        Downloaded from central: https://repo.maven.apache.org/maven2/org/apache/maven/maven-repository-metadata/3.3.9/maven-repository-metadata-3.3.9.jar (27 kB at 18 kB/s)
Downloading from central: https://repo.maven.apache.org/maven2/org/eclipse/aether/aether-api/1.0.2.v20150114/aether-api-1.0.2.v20150114.jar
Progress (4): 43 kB | 177 kB | 31 kB | 82/173 kBProgress (4): 43 kB | 177 kB | 31 kB | 98/173 kBProgress (4): 43 kB | 177 kB | 31 kB | 115/173 kBProgress (4): 43 kB | 177 kB | 31 kB | 131/173 kBProgress (4): 43 kB | 177 kB | 31 kB | 147/173 kBProgress (4): 43 kB | 177 kB | 31 kB | 164/173 kBProgress (4): 43 kB | 177 kB | 31 kB | 173 kB    Progress (5): 43 kB | 177 kB | 31 kB | 173 kB | 16/136 kBProgress (5): 43 kB | 177 kB | 31 kB | 173 kB | 33/136 kBProgress (5): 43 kB | 177 kB | 31 kB | 173 kB | 49/136 kBProgress (5): 43 kB | 177 kB | 31 kB | 173 kB | 65/136 kBProgress (5): 43 kB | 177 kB | 31 kB | 173 kB | 82/136 kBProgress (5): 43 kB | 177 kB | 31 kB | 173 kB | 98/136 kBProgress (5): 43 kB | 177 kB | 31 kB | 173 kB | 115/136 kBProgress (5): 43 kB | 177 kB | 31 kB | 173 kB | 131/136 kBProgress (5): 43 kB | 177 kB | 31 kB | 173 kB | 136 kB                                                          Downloaded from central: https://repo.maven.apache.org/maven2/org/apache/maven/maven-model-builder/3.3.9/maven-model-builder-3.3.9.jar (177 kB at 105 kB/s)
Downloading from central: https://repo.maven.apache.org/maven2/org/eclipse/aether/aether-util/1.0.2.v20150114/aether-util-1.0.2.v20150114.jar
Progress (5): 43 kB | 31 kB | 173 kB | 136 kB | 16/147 kBProgress (5): 43 kB | 31 kB | 173 kB | 136 kB | 33/147 kBProgress (5): 43 kB | 31 kB | 173 kB | 136 kB | 49/147 kBProgress (5): 43 kB | 31 kB | 173 kB | 136 kB | 65/147 kBProgress (5): 43 kB | 31 kB | 173 kB | 136 kB | 82/147 kBProgress (5): 43 kB | 31 kB | 173 kB | 136 kB | 98/147 kBProgress (5): 43 kB | 31 kB | 173 kB | 136 kB | 114/147 kBProgress (5): 43 kB | 31 kB | 173 kB | 136 kB | 131/147 kBProgress (5): 43 kB | 31 kB | 173 kB | 136 kB | 147 kB                                                          Downloaded from central: https://repo.maven.apache.org/maven2/org/eclipse/aether/aether-util/1.0.2.v20150114/aether-util-1.0.2.v20150114.jar (147 kB at 75 kB/s)
Downloading from central: https://repo.maven.apache.org/maven2/org/eclipse/sisu/org.eclipse.sisu.plexus/0.3.2/org.eclipse.sisu.plexus-0.3.2.jar
Downloaded from central: https://repo.maven.apache.org/maven2/org/eclipse/aether/aether-impl/1.0.2.v20150114/aether-impl-1.0.2.v20150114.jar (173 kB at 88 kB/s)
Downloading from central: https://repo.maven.apache.org/maven2/javax/enterprise/cdi-api/1.0/cdi-api-1.0.jar
Progress (4): 43 kB | 31 kB | 136 kB | 16/205 kBProgress (4): 43 kB | 31 kB | 136 kB | 32/205 kBProgress (5): 43 kB | 31 kB | 136 kB | 32/205 kB | 16/45 kBProgress (5): 43 kB | 31 kB | 136 kB | 49/205 kB | 16/45 kBProgress (5): 43 kB | 31 kB | 136 kB | 49/205 kB | 33/45 kBProgress (5): 43 kB | 31 kB | 136 kB | 49/205 kB | 45 kB   Progress (5): 43 kB | 31 kB | 136 kB | 65/205 kB | 45 kBProgress (5): 43 kB | 31 kB | 136 kB | 77/205 kB | 45 kBProgress (5): 43 kB | 31 kB | 136 kB | 94/205 kB | 45 kBProgress (5): 43 kB | 31 kB | 136 kB | 110/205 kB | 45 kBProgress (5): 43 kB | 31 kB | 136 kB | 127/205 kB | 45 kBProgress (5): 43 kB | 31 kB | 136 kB | 143/205 kB | 45 kBProgress (5): 43 kB | 31 kB | 136 kB | 159/205 kB | 45 kBProgress (5): 43 kB | 31 kB | 136 kB | 176/205 kB | 45 kBProgress (5): 43 kB | 31 kB | 136 kB | 192/205 kB | 45 kBProgress (5): 43 kB | 31 kB | 136 kB | 205 kB | 45 kB                                                         Downloaded from central: https://repo.maven.apache.org/maven2/org/eclipse/aether/aether-api/1.0.2.v20150114/aether-api-1.0.2.v20150114.jar (136 kB at 63 kB/s)
Downloading from central: https://repo.maven.apache.org/maven2/javax/annotation/jsr250-api/1.0/jsr250-api-1.0.jar
Progress (5): 43 kB | 31 kB | 205 kB | 45 kB | 5.8 kB                                                     Downloaded from central: https://repo.maven.apache.org/maven2/org/eclipse/aether/aether-spi/1.0.2.v20150114/aether-spi-1.0.2.v20150114.jar (31 kB at 12 kB/s)
Downloading from central: https://repo.maven.apache.org/maven2/org/eclipse/sisu/org.eclipse.sisu.inject/0.3.2/org.eclipse.sisu.inject-0.3.2.jar
Progress (5): 43 kB | 205 kB | 45 kB | 5.8 kB | 16/378 kBProgress (5): 43 kB | 205 kB | 45 kB | 5.8 kB | 33/378 kBProgress (5): 43 kB | 205 kB | 45 kB | 5.8 kB | 49/378 kBProgress (5): 43 kB | 205 kB | 45 kB | 5.8 kB | 65/378 kBProgress (5): 43 kB | 205 kB | 45 kB | 5.8 kB | 81/378 kBProgress (5): 43 kB | 205 kB | 45 kB | 5.8 kB | 98/378 kBProgress (5): 43 kB | 205 kB | 45 kB | 5.8 kB | 114/378 kBProgress (5): 43 kB | 205 kB | 45 kB | 5.8 kB | 130/378 kBProgress (5): 43 kB | 205 kB | 45 kB | 5.8 kB | 147/378 kB                                                          Downloaded from central: https://repo.maven.apache.org/maven2/javax/annotation/jsr250-api/1.0/jsr250-api-1.0.jar (5.8 kB at 2.2 kB/s)
Downloading from central: https://repo.maven.apache.org/maven2/com/google/inject/guice/4.0/guice-4.0-no_aop.jar
Downloaded from central: https://repo.maven.apache.org/maven2/org/eclipse/sisu/org.eclipse.sisu.plexus/0.3.2/org.eclipse.sisu.plexus-0.3.2.jar (205 kB at 76 kB/s)
Downloading from central: https://repo.maven.apache.org/maven2/javax/inject/javax.inject/1/javax.inject-1.jar
Progress (3): 43 kB | 45 kB | 163/378 kBProgress (3): 43 kB | 45 kB | 180/378 kBProgress (3): 43 kB | 45 kB | 196/378 kBProgress (3): 43 kB | 45 kB | 212/378 kBProgress (3): 43 kB | 45 kB | 229/378 kBProgress (3): 43 kB | 45 kB | 245/378 kBProgress (3): 43 kB | 45 kB | 262/378 kBProgress (3): 43 kB | 45 kB | 278/378 kBProgress (4): 43 kB | 45 kB | 278/378 kB | 16/424 kBProgress (4): 43 kB | 45 kB | 278/378 kB | 33/424 kBProgress (4): 43 kB | 45 kB | 278/378 kB | 49/424 kBProgress (4): 43 kB | 45 kB | 278/378 kB | 66/424 kBProgress (5): 43 kB | 45 kB | 278/378 kB | 66/424 kB | 2.5 kBProgress (5): 43 kB | 45 kB | 278/378 kB | 82/424 kB | 2.5 kB                                                             Downloaded from central: https://repo.maven.apache.org/maven2/javax/inject/javax.inject/1/javax.inject-1.jar (2.5 kB at 874 B/s)
Downloading from central: https://repo.maven.apache.org/maven2/aopalliance/aopalliance/1.0/aopalliance-1.0.jar
Progress (4): 43 kB | 45 kB | 278/378 kB | 98/424 kBProgress (4): 43 kB | 45 kB | 278/378 kB | 115/424 kBProgress (4): 43 kB | 45 kB | 278/378 kB | 131/424 kBProgress (4): 43 kB | 45 kB | 294/378 kB | 131/424 kBProgress (4): 43 kB | 45 kB | 294/378 kB | 147/424 kB                                                     Downloaded from central: https://repo.maven.apache.org/maven2/org/apache/maven/maven-settings-builder/3.3.9/maven-settings-builder-3.3.9.jar (43 kB at 14 kB/s)
Downloading from central: https://repo.maven.apache.org/maven2/org/codehaus/plexus/plexus-classworlds/2.5.2/plexus-classworlds-2.5.2.jar
Progress (3): 45 kB | 311/378 kB | 147/424 kBProgress (3): 45 kB | 327/378 kB | 147/424 kBProgress (3): 45 kB | 343/378 kB | 147/424 kBProgress (3): 45 kB | 360/378 kB | 147/424 kBProgress (3): 45 kB | 360/378 kB | 164/424 kBProgress (3): 45 kB | 376/378 kB | 164/424 kBProgress (3): 45 kB | 376/378 kB | 180/424 kBProgress (3): 45 kB | 378 kB | 180/424 kB    Progress (3): 45 kB | 378 kB | 197/424 kBProgress (3): 45 kB | 378 kB | 213/424 kBProgress (3): 45 kB | 378 kB | 229/424 kBProgress (3): 45 kB | 378 kB | 246/424 kBProgress (3): 45 kB | 378 kB | 262/424 kBProgress (3): 45 kB | 378 kB | 279/424 kBProgress (4): 45 kB | 378 kB | 279/424 kB | 4.5 kBProgress (4): 45 kB | 378 kB | 295/424 kB | 4.5 kBProgress (4): 45 kB | 378 kB | 311/424 kB | 4.5 kBProgress (4): 45 kB | 378 kB | 328/424 kB | 4.5 kBProgress (5): 45 kB | 378 kB | 328/424 kB | 4.5 kB | 16/53 kBProgress (5): 45 kB | 378 kB | 328/424 kB | 4.5 kB | 33/53 kBProgress (5): 45 kB | 378 kB | 344/424 kB | 4.5 kB | 33/53 kBProgress (5): 45 kB | 378 kB | 344/424 kB | 4.5 kB | 49/53 kBProgress (5): 45 kB | 378 kB | 344/424 kB | 4.5 kB | 53 kB   Progress (5): 45 kB | 378 kB | 360/424 kB | 4.5 kB | 53 kBProgress (5): 45 kB | 378 kB | 377/424 kB | 4.5 kB | 53 kB                                                          Downloaded from central: https://repo.maven.apache.org/maven2/aopalliance/aopalliance/1.0/aopalliance-1.0.jar (4.5 kB at 1.4 kB/s)
Downloading from central: https://repo.maven.apache.org/maven2/org/codehaus/plexus/plexus-component-annotations/1.6/plexus-component-annotations-1.6.jar
Progress (4): 45 kB | 378 kB | 393/424 kB | 53 kBProgress (4): 45 kB | 378 kB | 410/424 kB | 53 kBProgress (4): 45 kB | 378 kB | 424 kB | 53 kB    Progress (5): 45 kB | 378 kB | 424 kB | 53 kB | 4.3 kB                                                      Downloaded from central: https://repo.maven.apache.org/maven2/org/codehaus/plexus/plexus-classworlds/2.5.2/plexus-classworlds-2.5.2.jar (53 kB at 16 kB/s)
Downloading from central: https://repo.maven.apache.org/maven2/org/apache/maven/maven-model/3.3.9/maven-model-3.3.9.jar
Progress (5): 45 kB | 378 kB | 424 kB | 4.3 kB | 16/164 kBProgress (5): 45 kB | 378 kB | 424 kB | 4.3 kB | 32/164 kBProgress (5): 45 kB | 378 kB | 424 kB | 4.3 kB | 49/164 kBProgress (5): 45 kB | 378 kB | 424 kB | 4.3 kB | 65/164 kBProgress (5): 45 kB | 378 kB | 424 kB | 4.3 kB | 81/164 kBProgress (5): 45 kB | 378 kB | 424 kB | 4.3 kB | 98/164 kBProgress (5): 45 kB | 378 kB | 424 kB | 4.3 kB | 114/164 kBProgress (5): 45 kB | 378 kB | 424 kB | 4.3 kB | 130/164 kBProgress (5): 45 kB | 378 kB | 424 kB | 4.3 kB | 147/164 kBProgress (5): 45 kB | 378 kB | 424 kB | 4.3 kB | 163/164 kBProgress (5): 45 kB | 378 kB | 424 kB | 4.3 kB | 164 kB                                                           Downloaded from central: https://repo.maven.apache.org/maven2/com/google/inject/guice/4.0/guice-4.0-no_aop.jar (424 kB at 121 kB/s)
Downloading from central: https://repo.maven.apache.org/maven2/org/apache/maven/maven-plugin-api/3.3.9/maven-plugin-api-3.3.9.jar
Downloaded from central: https://repo.maven.apache.org/maven2/org/eclipse/sisu/org.eclipse.sisu.inject/0.3.2/org.eclipse.sisu.inject-0.3.2.jar (378 kB at 107 kB/s)
Downloading from central: https://repo.maven.apache.org/maven2/org/apache/maven/maven-settings/3.3.9/maven-settings-3.3.9.jar
Progress (4): 45 kB | 4.3 kB | 164 kB | 16/44 kBProgress (4): 45 kB | 4.3 kB | 164 kB | 33/44 kBProgress (4): 45 kB | 4.3 kB | 164 kB | 44 kB   Progress (5): 45 kB | 4.3 kB | 164 kB | 44 kB | 16/47 kBProgress (5): 45 kB | 4.3 kB | 164 kB | 44 kB | 32/47 kBProgress (5): 45 kB | 4.3 kB | 164 kB | 44 kB | 47 kB                                                        Downloaded from central: https://repo.maven.apache.org/maven2/org/codehaus/plexus/plexus-component-annotations/1.6/plexus-component-annotations-1.6.jar (4.3 kB at 1.0 kB/s)
Downloading from central: https://repo.maven.apache.org/maven2/org/apache/maven/shared/maven-common-artifact-filters/3.0.1/maven-common-artifact-filters-3.0.1.jar
Progress (5): 45 kB | 164 kB | 44 kB | 47 kB | 16/61 kBProgress (5): 45 kB | 164 kB | 44 kB | 47 kB | 33/61 kBProgress (5): 45 kB | 164 kB | 44 kB | 47 kB | 49/61 kBProgress (5): 45 kB | 164 kB | 44 kB | 47 kB | 61 kB                                                       Downloaded from central: https://repo.maven.apache.org/maven2/javax/enterprise/cdi-api/1.0/cdi-api-1.0.jar (45 kB at 11 kB/s)
Downloading from central: https://repo.maven.apache.org/maven2/org/apache/maven/plugins/maven-shade-plugin/3.2.1/maven-shade-plugin-3.2.1.jar
Downloaded from central: https://repo.maven.apache.org/maven2/org/apache/maven/maven-model/3.3.9/maven-model-3.3.9.jar (164 kB at 38 kB/s)
Downloading from central: https://repo.maven.apache.org/maven2/org/apache/maven/shared/maven-artifact-transfer/0.10.0/maven-artifact-transfer-0.10.0.jar
Progress (4): 44 kB | 47 kB | 61 kB | 16/114 kBProgress (4): 44 kB | 47 kB | 61 kB | 33/114 kBProgress (4): 44 kB | 47 kB | 61 kB | 49/114 kBProgress (4): 44 kB | 47 kB | 61 kB | 66/114 kBProgress (4): 44 kB | 47 kB | 61 kB | 82/114 kBProgress (4): 44 kB | 47 kB | 61 kB | 98/114 kBProgress (4): 44 kB | 47 kB | 61 kB | 114 kB   Progress (5): 44 kB | 47 kB | 61 kB | 114 kB | 16/128 kBProgress (5): 44 kB | 47 kB | 61 kB | 114 kB | 32/128 kBProgress (5): 44 kB | 47 kB | 61 kB | 114 kB | 49/128 kBProgress (5): 44 kB | 47 kB | 61 kB | 114 kB | 65/128 kBProgress (5): 44 kB | 47 kB | 61 kB | 114 kB | 81/128 kBProgress (5): 44 kB | 47 kB | 61 kB | 114 kB | 98/128 kBProgress (5): 44 kB | 47 kB | 61 kB | 114 kB | 114/128 kBProgress (5): 44 kB | 47 kB | 61 kB | 114 kB | 128 kB                                                         Downloaded from central: https://repo.maven.apache.org/maven2/org/apache/maven/plugins/maven-shade-plugin/3.2.1/maven-shade-plugin-3.2.1.jar (114 kB at 26 kB/s)
Downloading from central: https://repo.maven.apache.org/maven2/org/ow2/asm/asm/7.0/asm-7.0.jar
Downloaded from central: https://repo.maven.apache.org/maven2/org/apache/maven/shared/maven-artifact-transfer/0.10.0/maven-artifact-transfer-0.10.0.jar (128 kB at 29 kB/s)
Downloading from central: https://repo.maven.apache.org/maven2/org/ow2/asm/asm-commons/7.0/asm-commons-7.0.jar
Progress (4): 44 kB | 47 kB | 61 kB | 16/114 kBProgress (4): 44 kB | 47 kB | 61 kB | 33/114 kBProgress (4): 44 kB | 47 kB | 61 kB | 49/114 kBProgress (4): 44 kB | 47 kB | 61 kB | 65/114 kBProgress (4): 44 kB | 47 kB | 61 kB | 81/114 kBProgress (4): 44 kB | 47 kB | 61 kB | 98/114 kBProgress (4): 44 kB | 47 kB | 61 kB | 114 kB   Progress (5): 44 kB | 47 kB | 61 kB | 114 kB | 16/80 kBProgress (5): 44 kB | 47 kB | 61 kB | 114 kB | 33/80 kBProgress (5): 44 kB | 47 kB | 61 kB | 114 kB | 49/80 kBProgress (5): 44 kB | 47 kB | 61 kB | 114 kB | 62/80 kBProgress (5): 44 kB | 47 kB | 61 kB | 114 kB | 79/80 kBProgress (5): 44 kB | 47 kB | 61 kB | 114 kB | 80 kB                                                       Downloaded from central: https://repo.maven.apache.org/maven2/org/apache/maven/maven-settings/3.3.9/maven-settings-3.3.9.jar (44 kB at 9.7 kB/s)
Downloading from central: https://repo.maven.apache.org/maven2/org/ow2/asm/asm-tree/7.0/asm-tree-7.0.jar
Progress (5): 47 kB | 61 kB | 114 kB | 80 kB | 16/50 kBProgress (5): 47 kB | 61 kB | 114 kB | 80 kB | 33/50 kBProgress (5): 47 kB | 61 kB | 114 kB | 80 kB | 49/50 kBProgress (5): 47 kB | 61 kB | 114 kB | 80 kB | 50 kB                                                       Downloaded from central: https://repo.maven.apache.org/maven2/org/ow2/asm/asm-tree/7.0/asm-tree-7.0.jar (50 kB at 11 kB/s)
Downloading from central: https://repo.maven.apache.org/maven2/org/ow2/asm/asm-analysis/7.0/asm-analysis-7.0.jar
Downloaded from central: https://repo.maven.apache.org/maven2/org/ow2/asm/asm/7.0/asm-7.0.jar (114 kB at 24 kB/s)
Downloading from central: https://repo.maven.apache.org/maven2/org/jdom/jdom2/2.0.6/jdom2-2.0.6.jar
Downloaded from central: https://repo.maven.apache.org/maven2/org/apache/maven/maven-plugin-api/3.3.9/maven-plugin-api-3.3.9.jar (47 kB at 10.0 kB/s)
Downloading from central: https://repo.maven.apache.org/maven2/org/apache/maven/shared/maven-dependency-tree/3.0.1/maven-dependency-tree-3.0.1.jar
Downloaded from central: https://repo.maven.apache.org/maven2/org/apache/maven/shared/maven-common-artifact-filters/3.0.1/maven-common-artifact-filters-3.0.1.jar (61 kB at 13 kB/s)
Downloading from central: https://repo.maven.apache.org/maven2/org/vafer/jdependency/2.1.1/jdependency-2.1.1.jar
Downloaded from central: https://repo.maven.apache.org/maven2/org/ow2/asm/asm-commons/7.0/asm-commons-7.0.jar (80 kB at 17 kB/s)
Downloading from central: https://repo.maven.apache.org/maven2/org/ow2/asm/asm-util/7.0-beta/asm-util-7.0-beta.jar
Progress (1): 16/33 kBProgress (1): 33/33 kBProgress (1): 33 kB   Progress (2): 33 kB | 16/305 kBProgress (2): 33 kB | 33/305 kBProgress (2): 33 kB | 49/305 kBProgress (2): 33 kB | 63/305 kBProgress (3): 33 kB | 63/305 kB | 16/37 kBProgress (3): 33 kB | 79/305 kB | 16/37 kBProgress (3): 33 kB | 79/305 kB | 33/37 kBProgress (3): 33 kB | 79/305 kB | 37 kB   Progress (3): 33 kB | 95/305 kB | 37 kBProgress (3): 33 kB | 112/305 kB | 37 kBProgress (3): 33 kB | 128/305 kB | 37 kBProgress (4): 33 kB | 128/305 kB | 37 kB | 16/186 kBProgress (4): 33 kB | 145/305 kB | 37 kB | 16/186 kBProgress (4): 33 kB | 161/305 kB | 37 kB | 16/186 kBProgress (5): 33 kB | 161/305 kB | 37 kB | 16/186 kB | 16/81 kBProgress (5): 33 kB | 161/305 kB | 37 kB | 16/186 kB | 33/81 kBProgress (5): 33 kB | 161/305 kB | 37 kB | 33/186 kB | 33/81 kBProgress (5): 33 kB | 177/305 kB | 37 kB | 33/186 kB | 33/81 kBProgress (5): 33 kB | 177/305 kB | 37 kB | 49/186 kB | 33/81 kBProgress (5): 33 kB | 194/305 kB | 37 kB | 49/186 kB | 33/81 kBProgress (5): 33 kB | 210/305 kB | 37 kB | 49/186 kB | 33/81 kBProgress (5): 33 kB | 226/305 kB | 37 kB | 49/186 kB | 33/81 kBProgress (5): 33 kB | 243/305 kB | 37 kB | 49/186 kB | 33/81 kBProgress (5): 33 kB | 243/305 kB | 37 kB | 49/186 kB | 49/81 kBProgress (5): 33 kB | 243/305 kB | 37 kB | 49/186 kB | 66/81 kBProgress (5): 33 kB | 243/305 kB | 37 kB | 49/186 kB | 81 kB   Progress (5): 33 kB | 243/305 kB | 37 kB | 66/186 kB | 81 kBProgress (5): 33 kB | 259/305 kB | 37 kB | 66/186 kB | 81 kBProgress (5): 33 kB | 276/305 kB | 37 kB | 66/186 kB | 81 kBProgress (5): 33 kB | 276/305 kB | 37 kB | 82/186 kB | 81 kBProgress (5): 33 kB | 276/305 kB | 37 kB | 98/186 kB | 81 kBProgress (5): 33 kB | 276/305 kB | 37 kB | 115/186 kB | 81 kBProgress (5): 33 kB | 292/305 kB | 37 kB | 115/186 kB | 81 kBProgress (5): 33 kB | 305 kB | 37 kB | 115/186 kB | 81 kB    Progress (5): 33 kB | 305 kB | 37 kB | 131/186 kB | 81 kBProgress (5): 33 kB | 305 kB | 37 kB | 147/186 kB | 81 kBProgress (5): 33 kB | 305 kB | 37 kB | 164/186 kB | 81 kBProgress (5): 33 kB | 305 kB | 37 kB | 180/186 kB | 81 kBProgress (5): 33 kB | 305 kB | 37 kB | 186 kB | 81 kB                                                         Downloaded from central: https://repo.maven.apache.org/maven2/org/jdom/jdom2/2.0.6/jdom2-2.0.6.jar (305 kB at 60 kB/s)
Downloading from central: https://repo.maven.apache.org/maven2/com/google/guava/guava/19.0/guava-19.0.jar
Progress (5): 33 kB | 37 kB | 186 kB | 81 kB | 0/2.3 MBProgress (5): 33 kB | 37 kB | 186 kB | 81 kB | 0/2.3 MBProgress (5): 33 kB | 37 kB | 186 kB | 81 kB | 0/2.3 MBProgress (5): 33 kB | 37 kB | 186 kB | 81 kB | 0.1/2.3 MBProgress (5): 33 kB | 37 kB | 186 kB | 81 kB | 0.1/2.3 MBProgress (5): 33 kB | 37 kB | 186 kB | 81 kB | 0.1/2.3 MBProgress (5): 33 kB | 37 kB | 186 kB | 81 kB | 0.1/2.3 MBProgress (5): 33 kB | 37 kB | 186 kB | 81 kB | 0.1/2.3 MBProgress (5): 33 kB | 37 kB | 186 kB | 81 kB | 0.1/2.3 MBProgress (5): 33 kB | 37 kB | 186 kB | 81 kB | 0.2/2.3 MBProgress (5): 33 kB | 37 kB | 186 kB | 81 kB | 0.2/2.3 MBProgress (5): 33 kB | 37 kB | 186 kB | 81 kB | 0.2/2.3 MBProgress (5): 33 kB | 37 kB | 186 kB | 81 kB | 0.2/2.3 MBProgress (5): 33 kB | 37 kB | 186 kB | 81 kB | 0.2/2.3 MBProgress (5): 33 kB | 37 kB | 186 kB | 81 kB | 0.2/2.3 MBProgress (5): 33 kB | 37 kB | 186 kB | 81 kB | 0.3/2.3 MBProgress (5): 33 kB | 37 kB | 186 kB | 81 kB | 0.3/2.3 MBProgress (5): 33 kB | 37 kB | 186 kB | 81 kB | 0.3/2.3 MBProgress (5): 33 kB | 37 kB | 186 kB | 81 kB | 0.3/2.3 MBProgress (5): 33 kB | 37 kB | 186 kB | 81 kB | 0.3/2.3 MBProgress (5): 33 kB | 37 kB | 186 kB | 81 kB | 0.3/2.3 MBProgress (5): 33 kB | 37 kB | 186 kB | 81 kB | 0.4/2.3 MBProgress (5): 33 kB | 37 kB | 186 kB | 81 kB | 0.4/2.3 MBProgress (5): 33 kB | 37 kB | 186 kB | 81 kB | 0.4/2.3 MBProgress (5): 33 kB | 37 kB | 186 kB | 81 kB | 0.4/2.3 MBProgress (5): 33 kB | 37 kB | 186 kB | 81 kB | 0.4/2.3 MBProgress (5): 33 kB | 37 kB | 186 kB | 81 kB | 0.4/2.3 MBProgress (5): 33 kB | 37 kB | 186 kB | 81 kB | 0.5/2.3 MBProgress (5): 33 kB | 37 kB | 186 kB | 81 kB | 0.5/2.3 MBProgress (5): 33 kB | 37 kB | 186 kB | 81 kB | 0.5/2.3 MBProgress (5): 33 kB | 37 kB | 186 kB | 81 kB | 0.5/2.3 MBProgress (5): 33 kB | 37 kB | 186 kB | 81 kB | 0.5/2.3 MBProgress (5): 33 kB | 37 kB | 186 kB | 81 kB | 0.5/2.3 MBProgress (5): 33 kB | 37 kB | 186 kB | 81 kB | 0.6/2.3 MBProgress (5): 33 kB | 37 kB | 186 kB | 81 kB | 0.6/2.3 MBProgress (5): 33 kB | 37 kB | 186 kB | 81 kB | 0.6/2.3 MBProgress (5): 33 kB | 37 kB | 186 kB | 81 kB | 0.6/2.3 MBProgress (5): 33 kB | 37 kB | 186 kB | 81 kB | 0.6/2.3 MBProgress (5): 33 kB | 37 kB | 186 kB | 81 kB | 0.6/2.3 MBProgress (5): 33 kB | 37 kB | 186 kB | 81 kB | 0.7/2.3 MBProgress (5): 33 kB | 37 kB | 186 kB | 81 kB | 0.7/2.3 MBProgress (5): 33 kB | 37 kB | 186 kB | 81 kB | 0.7/2.3 MBProgress (5): 33 kB | 37 kB | 186 kB | 81 kB | 0.7/2.3 MBProgress (5): 33 kB | 37 kB | 186 kB | 81 kB | 0.7/2.3 MBProgress (5): 33 kB | 37 kB | 186 kB | 81 kB | 0.7/2.3 MBProgress (5): 33 kB | 37 kB | 186 kB | 81 kB | 0.7/2.3 MBProgress (5): 33 kB | 37 kB | 186 kB | 81 kB | 0.8/2.3 MBProgress (5): 33 kB | 37 kB | 186 kB | 81 kB | 0.8/2.3 MBProgress (5): 33 kB | 37 kB | 186 kB | 81 kB | 0.8/2.3 MBProgress (5): 33 kB | 37 kB | 186 kB | 81 kB | 0.8/2.3 MBProgress (5): 33 kB | 37 kB | 186 kB | 81 kB | 0.8/2.3 MBProgress (5): 33 kB | 37 kB | 186 kB | 81 kB | 0.8/2.3 MBProgress (5): 33 kB | 37 kB | 186 kB | 81 kB | 0.9/2.3 MBProgress (5): 33 kB | 37 kB | 186 kB | 81 kB | 0.9/2.3 MBProgress (5): 33 kB | 37 kB | 186 kB | 81 kB | 0.9/2.3 MBProgress (5): 33 kB | 37 kB | 186 kB | 81 kB | 0.9/2.3 MBProgress (5): 33 kB | 37 kB | 186 kB | 81 kB | 0.9/2.3 MBProgress (5): 33 kB | 37 kB | 186 kB | 81 kB | 0.9/2.3 MBProgress (5): 33 kB | 37 kB | 186 kB | 81 kB | 1.0/2.3 MBProgress (5): 33 kB | 37 kB | 186 kB | 81 kB | 1.0/2.3 MBProgress (5): 33 kB | 37 kB | 186 kB | 81 kB | 1.0/2.3 MBProgress (5): 33 kB | 37 kB | 186 kB | 81 kB | 1.0/2.3 MBProgress (5): 33 kB | 37 kB | 186 kB | 81 kB | 1.0/2.3 MBProgress (5): 33 kB | 37 kB | 186 kB | 81 kB | 1.0/2.3 MBProgress (5): 33 kB | 37 kB | 186 kB | 81 kB | 1.1/2.3 MBProgress (5): 33 kB | 37 kB | 186 kB | 81 kB | 1.1/2.3 MBProgress (5): 33 kB | 37 kB | 186 kB | 81 kB | 1.1/2.3 MBProgress (5): 33 kB | 37 kB | 186 kB | 81 kB | 1.1/2.3 MBProgress (5): 33 kB | 37 kB | 186 kB | 81 kB | 1.1/2.3 MBProgress (5): 33 kB | 37 kB | 186 kB | 81 kB | 1.1/2.3 MBProgress (5): 33 kB | 37 kB | 186 kB | 81 kB | 1.2/2.3 MBProgress (5): 33 kB | 37 kB | 186 kB | 81 kB | 1.2/2.3 MBProgress (5): 33 kB | 37 kB | 186 kB | 81 kB | 1.2/2.3 MBProgress (5): 33 kB | 37 kB | 186 kB | 81 kB | 1.2/2.3 MBProgress (5): 33 kB | 37 kB | 186 kB | 81 kB | 1.2/2.3 MBProgress (5): 33 kB | 37 kB | 186 kB | 81 kB | 1.2/2.3 MBProgress (5): 33 kB | 37 kB | 186 kB | 81 kB | 1.3/2.3 MBProgress (5): 33 kB | 37 kB | 186 kB | 81 kB | 1.3/2.3 MBProgress (5): 33 kB | 37 kB | 186 kB | 81 kB | 1.3/2.3 MBProgress (5): 33 kB | 37 kB | 186 kB | 81 kB | 1.3/2.3 MBProgress (5): 33 kB | 37 kB | 186 kB | 81 kB | 1.3/2.3 MBProgress (5): 33 kB | 37 kB | 186 kB | 81 kB | 1.3/2.3 MBProgress (5): 33 kB | 37 kB | 186 kB | 81 kB | 1.4/2.3 MBProgress (5): 33 kB | 37 kB | 186 kB | 81 kB | 1.4/2.3 MBProgress (5): 33 kB | 37 kB | 186 kB | 81 kB | 1.4/2.3 MBProgress (5): 33 kB | 37 kB | 186 kB | 81 kB | 1.4/2.3 MBProgress (5): 33 kB | 37 kB | 186 kB | 81 kB | 1.4/2.3 MBProgress (5): 33 kB | 37 kB | 186 kB | 81 kB | 1.4/2.3 MBProgress (5): 33 kB | 37 kB | 186 kB | 81 kB | 1.5/2.3 MBProgress (5): 33 kB | 37 kB | 186 kB | 81 kB | 1.5/2.3 MBProgress (5): 33 kB | 37 kB | 186 kB | 81 kB | 1.5/2.3 MBProgress (5): 33 kB | 37 kB | 186 kB | 81 kB | 1.5/2.3 MBProgress (5): 33 kB | 37 kB | 186 kB | 81 kB | 1.5/2.3 MBProgress (5): 33 kB | 37 kB | 186 kB | 81 kB | 1.5/2.3 MBProgress (5): 33 kB | 37 kB | 186 kB | 81 kB | 1.6/2.3 MBProgress (5): 33 kB | 37 kB | 186 kB | 81 kB | 1.6/2.3 MBProgress (5): 33 kB | 37 kB | 186 kB | 81 kB | 1.6/2.3 MBProgress (5): 33 kB | 37 kB | 186 kB | 81 kB | 1.6/2.3 MBProgress (5): 33 kB | 37 kB | 186 kB | 81 kB | 1.6/2.3 MBProgress (5): 33 kB | 37 kB | 186 kB | 81 kB | 1.6/2.3 MBProgress (5): 33 kB | 37 kB | 186 kB | 81 kB | 1.7/2.3 MBProgress (5): 33 kB | 37 kB | 186 kB | 81 kB | 1.7/2.3 MBProgress (5): 33 kB | 37 kB | 186 kB | 81 kB | 1.7/2.3 MB                                                         Downloaded from central: https://repo.maven.apache.org/maven2/org/vafer/jdependency/2.1.1/jdependency-2.1.1.jar (186 kB at 34 kB/s)
Progress (4): 33 kB | 37 kB | 81 kB | 1.7/2.3 MBProgress (4): 33 kB | 37 kB | 81 kB | 1.7/2.3 MBProgress (4): 33 kB | 37 kB | 81 kB | 1.7/2.3 MBProgress (4): 33 kB | 37 kB | 81 kB | 1.7/2.3 MBProgress (4): 33 kB | 37 kB | 81 kB | 1.8/2.3 MBProgress (4): 33 kB | 37 kB | 81 kB | 1.8/2.3 MBProgress (4): 33 kB | 37 kB | 81 kB | 1.8/2.3 MBProgress (4): 33 kB | 37 kB | 81 kB | 1.8/2.3 MBProgress (4): 33 kB | 37 kB | 81 kB | 1.8/2.3 MBProgress (4): 33 kB | 37 kB | 81 kB | 1.8/2.3 MBProgress (4): 33 kB | 37 kB | 81 kB | 1.9/2.3 MBProgress (4): 33 kB | 37 kB | 81 kB | 1.9/2.3 MBProgress (4): 33 kB | 37 kB | 81 kB | 1.9/2.3 MBProgress (4): 33 kB | 37 kB | 81 kB | 1.9/2.3 MBProgress (4): 33 kB | 37 kB | 81 kB | 1.9/2.3 MBProgress (4): 33 kB | 37 kB | 81 kB | 1.9/2.3 MBProgress (4): 33 kB | 37 kB | 81 kB | 2.0/2.3 MBProgress (4): 33 kB | 37 kB | 81 kB | 2.0/2.3 MBProgress (4): 33 kB | 37 kB | 81 kB | 2.0/2.3 MBProgress (4): 33 kB | 37 kB | 81 kB | 2.0/2.3 MBProgress (4): 33 kB | 37 kB | 81 kB | 2.0/2.3 MBProgress (4): 33 kB | 37 kB | 81 kB | 2.0/2.3 MBProgress (4): 33 kB | 37 kB | 81 kB | 2.1/2.3 MBProgress (4): 33 kB | 37 kB | 81 kB | 2.1/2.3 MBProgress (4): 33 kB | 37 kB | 81 kB | 2.1/2.3 MBProgress (4): 33 kB | 37 kB | 81 kB | 2.1/2.3 MBProgress (4): 33 kB | 37 kB | 81 kB | 2.1/2.3 MBProgress (4): 33 kB | 37 kB | 81 kB | 2.1/2.3 MBProgress (4): 33 kB | 37 kB | 81 kB | 2.2/2.3 MBProgress (4): 33 kB | 37 kB | 81 kB | 2.2/2.3 MBProgress (4): 33 kB | 37 kB | 81 kB | 2.2/2.3 MBProgress (4): 33 kB | 37 kB | 81 kB | 2.2/2.3 MBProgress (4): 33 kB | 37 kB | 81 kB | 2.2/2.3 MBProgress (4): 33 kB | 37 kB | 81 kB | 2.2/2.3 MBProgress (4): 33 kB | 37 kB | 81 kB | 2.3/2.3 MBProgress (4): 33 kB | 37 kB | 81 kB | 2.3/2.3 MBProgress (4): 33 kB | 37 kB | 81 kB | 2.3/2.3 MBProgress (4): 33 kB | 37 kB | 81 kB | 2.3/2.3 MBProgress (4): 33 kB | 37 kB | 81 kB | 2.3 MB                                                Downloaded from central: https://repo.maven.apache.org/maven2/org/ow2/asm/asm-util/7.0-beta/asm-util-7.0-beta.jar (81 kB at 14 kB/s)
Downloaded from central: https://repo.maven.apache.org/maven2/com/google/guava/guava/19.0/guava-19.0.jar (2.3 MB at 384 kB/s)
Downloaded from central: https://repo.maven.apache.org/maven2/org/ow2/asm/asm-analysis/7.0/asm-analysis-7.0.jar (33 kB at 5.2 kB/s)
Downloaded from central: https://repo.maven.apache.org/maven2/org/apache/maven/shared/maven-dependency-tree/3.0.1/maven-dependency-tree-3.0.1.jar (37 kB at 5.2 kB/s)
[INFO] Replacing main artifact with repackaged archive
[INFO] ------------------------------------------------------------------------
[INFO] BUILD SUCCESS
[INFO] ------------------------------------------------------------------------
[INFO] Total time:  02:11 min
[INFO] Finished at: 2024-11-25T00:42:10+07:00
[INFO] ------------------------------------------------------------------------
Finished: SUCCESS
